
===========================================================================
 report_power
============================================================================
======================= Fastest Corner ===================================

Group                  Internal  Switching    Leakage      Total
                          Power      Power      Power      Power (Watts)
----------------------------------------------------------------
Sequential             4.09e-04   6.99e-05   3.02e-07   4.80e-04  39.2%
Combinational          4.55e-04   2.88e-04   4.19e-09   7.44e-04  60.8%
Macro                  0.00e+00   0.00e+00   0.00e+00   0.00e+00   0.0%
Pad                    0.00e+00   0.00e+00   0.00e+00   0.00e+00   0.0%
----------------------------------------------------------------
Total                  8.65e-04   3.58e-04   3.06e-07   1.22e-03 100.0%
                          70.7%      29.3%       0.0%

======================= Slowest Corner ===================================

Group                  Internal  Switching    Leakage      Total
                          Power      Power      Power      Power (Watts)
----------------------------------------------------------------
Sequential             2.75e-04   4.59e-05   1.21e-06   3.22e-04  38.7%
Combinational          3.23e-04   1.87e-04   1.57e-06   5.11e-04  61.3%
Macro                  0.00e+00   0.00e+00   0.00e+00   0.00e+00   0.0%
Pad                    0.00e+00   0.00e+00   0.00e+00   0.00e+00   0.0%
----------------------------------------------------------------
Total                  5.98e-04   2.33e-04   2.78e-06   8.33e-04 100.0%
                          71.7%      27.9%       0.3%

======================= Typical Corner ===================================

Group                  Internal  Switching    Leakage      Total
                          Power      Power      Power      Power (Watts)
----------------------------------------------------------------
Sequential             3.54e-04   5.88e-05   3.02e-07   4.13e-04  39.1%
Combinational          4.00e-04   2.42e-04   2.02e-09   6.43e-04  60.9%
Macro                  0.00e+00   0.00e+00   0.00e+00   0.00e+00   0.0%
Pad                    0.00e+00   0.00e+00   0.00e+00   0.00e+00   0.0%
----------------------------------------------------------------
Total                  7.54e-04   3.01e-04   3.04e-07   1.06e-03 100.0%
                          71.4%      28.5%       0.0%

