
===========================================================================
report_checks -unconstrained
===========================================================================
======================= Fastest Corner ===================================

Startpoint: rst (input port clocked by clk)
Endpoint: _473_ (recovery check against rising-edge clock clk)
Path Group: asynchronous
Path Type: max
Corner: Fastest

Fanout     Cap    Slew   Delay    Time   Description
-----------------------------------------------------------------------------
                          0.00    0.00   clock clk (rise edge)
                          0.00    0.00   clock network delay (propagated)
                          2.00    2.00 v input external delay
                  0.00    0.00    2.00 v rst (in)
     1    0.00                           rst (net)
                  0.00    0.00    2.00 v input1/A (sky130_fd_sc_hd__clkbuf_1)
                  0.02    0.05    2.05 v input1/X (sky130_fd_sc_hd__clkbuf_1)
     1    0.00                           net1 (net)
                  0.02    0.00    2.05 v _372_/A (sky130_fd_sc_hd__clkbuf_4)
                  0.07    0.14    2.19 v _372_/X (sky130_fd_sc_hd__clkbuf_4)
    10    0.05                           _199_ (net)
                  0.07    0.00    2.19 v _406_/A (sky130_fd_sc_hd__buf_4)
                  0.06    0.15    2.34 v _406_/X (sky130_fd_sc_hd__buf_4)
    10    0.06                           _203_ (net)
                  0.06    0.00    2.34 v _407_/A (sky130_fd_sc_hd__inv_2)
                  0.03    0.05    2.39 ^ _407_/Y (sky130_fd_sc_hd__inv_2)
     1    0.01                           _063_ (net)
                  0.03    0.00    2.39 ^ _473_/RESET_B (sky130_fd_sc_hd__dfrtp_1)
                                  2.39   data arrival time

                         10.00   10.00   clock clk (rise edge)
                          0.00   10.00   clock source latency
                  0.05    0.03   10.03 ^ clk (in)
     1    0.01                           clk (net)
                  0.05    0.00   10.03 ^ clkbuf_0_clk/A (sky130_fd_sc_hd__clkbuf_16)
                  0.08    0.12   10.15 ^ clkbuf_0_clk/X (sky130_fd_sc_hd__clkbuf_16)
     8    0.08                           clknet_0_clk (net)
                  0.08    0.00   10.16 ^ clkbuf_3_3__f_clk/A (sky130_fd_sc_hd__clkbuf_16)
                  0.03    0.09   10.25 ^ clkbuf_3_3__f_clk/X (sky130_fd_sc_hd__clkbuf_16)
     6    0.02                           clknet_3_3__leaf_clk (net)
                  0.03    0.00   10.25 ^ _473_/CLK (sky130_fd_sc_hd__dfrtp_1)
                         -0.25   10.00   clock uncertainty
                          0.00   10.00   clock reconvergence pessimism
                          0.14   10.14   library recovery time
                                 10.14   data required time
-----------------------------------------------------------------------------
                                 10.14   data required time
                                 -2.39   data arrival time
-----------------------------------------------------------------------------
                                  7.75   slack (MET)


Startpoint: _444_ (rising edge-triggered flip-flop clocked by clk)
Endpoint: p (output port clocked by clk)
Path Group: clk
Path Type: max
Corner: Fastest

Fanout     Cap    Slew   Delay    Time   Description
-----------------------------------------------------------------------------
                          0.00    0.00   clock clk (rise edge)
                          0.00    0.00   clock source latency
                  0.05    0.04    0.04 ^ clk (in)
     1    0.01                           clk (net)
                  0.05    0.00    0.04 ^ clkbuf_0_clk/A (sky130_fd_sc_hd__clkbuf_16)
                  0.08    0.13    0.17 ^ clkbuf_0_clk/X (sky130_fd_sc_hd__clkbuf_16)
     8    0.08                           clknet_0_clk (net)
                  0.08    0.00    0.17 ^ clkbuf_3_0__f_clk/A (sky130_fd_sc_hd__clkbuf_16)
                  0.04    0.11    0.28 ^ clkbuf_3_0__f_clk/X (sky130_fd_sc_hd__clkbuf_16)
     9    0.03                           clknet_3_0__leaf_clk (net)
                  0.04    0.00    0.28 ^ _444_/CLK (sky130_fd_sc_hd__dfrtp_1)
                  0.03    0.23    0.51 v _444_/Q (sky130_fd_sc_hd__dfrtp_1)
     1    0.00                           net35 (net)
                  0.03    0.00    0.51 v output35/A (sky130_fd_sc_hd__clkbuf_4)
                  0.06    0.13    0.64 v output35/X (sky130_fd_sc_hd__clkbuf_4)
     1    0.03                           p (net)
                  0.06    0.00    0.64 v p (out)
                                  0.64   data arrival time

                         10.00   10.00   clock clk (rise edge)
                          0.00   10.00   clock network delay (propagated)
                         -0.25    9.75   clock uncertainty
                          0.00    9.75   clock reconvergence pessimism
                         -2.00    7.75   output external delay
                                  7.75   data required time
-----------------------------------------------------------------------------
                                  7.75   data required time
                                 -0.64   data arrival time
-----------------------------------------------------------------------------
                                  7.11   slack (MET)



======================= Slowest Corner ===================================

Startpoint: rst (input port clocked by clk)
Endpoint: _473_ (recovery check against rising-edge clock clk)
Path Group: asynchronous
Path Type: max
Corner: Slowest

Fanout     Cap    Slew   Delay    Time   Description
-----------------------------------------------------------------------------
                          0.00    0.00   clock clk (rise edge)
                          0.00    0.00   clock network delay (propagated)
                          2.00    2.00 v input external delay
                  0.02    0.01    2.01 v rst (in)
     1    0.00                           rst (net)
                  0.02    0.00    2.01 v input1/A (sky130_fd_sc_hd__clkbuf_1)
                  0.05    0.14    2.15 v input1/X (sky130_fd_sc_hd__clkbuf_1)
     1    0.00                           net1 (net)
                  0.05    0.00    2.15 v _372_/A (sky130_fd_sc_hd__clkbuf_4)
                  0.17    0.36    2.52 v _372_/X (sky130_fd_sc_hd__clkbuf_4)
    10    0.05                           _199_ (net)
                  0.17    0.00    2.52 v _406_/A (sky130_fd_sc_hd__buf_4)
                  0.15    0.41    2.93 v _406_/X (sky130_fd_sc_hd__buf_4)
    10    0.06                           _203_ (net)
                  0.15    0.00    2.93 v _407_/A (sky130_fd_sc_hd__inv_2)
                  0.06    0.12    3.05 ^ _407_/Y (sky130_fd_sc_hd__inv_2)
     1    0.00                           _063_ (net)
                  0.06    0.00    3.05 ^ _473_/RESET_B (sky130_fd_sc_hd__dfrtp_1)
                                  3.05   data arrival time

                         10.00   10.00   clock clk (rise edge)
                          0.00   10.00   clock source latency
                  0.11    0.07   10.07 ^ clk (in)
     1    0.01                           clk (net)
                  0.11    0.00   10.07 ^ clkbuf_0_clk/A (sky130_fd_sc_hd__clkbuf_16)
                  0.15    0.30   10.37 ^ clkbuf_0_clk/X (sky130_fd_sc_hd__clkbuf_16)
     8    0.08                           clknet_0_clk (net)
                  0.15    0.00   10.37 ^ clkbuf_3_3__f_clk/A (sky130_fd_sc_hd__clkbuf_16)
                  0.06    0.24   10.61 ^ clkbuf_3_3__f_clk/X (sky130_fd_sc_hd__clkbuf_16)
     6    0.02                           clknet_3_3__leaf_clk (net)
                  0.06    0.00   10.61 ^ _473_/CLK (sky130_fd_sc_hd__dfrtp_1)
                         -0.25   10.36   clock uncertainty
                          0.00   10.36   clock reconvergence pessimism
                          0.46   10.83   library recovery time
                                 10.83   data required time
-----------------------------------------------------------------------------
                                 10.83   data required time
                                 -3.05   data arrival time
-----------------------------------------------------------------------------
                                  7.78   slack (MET)


Startpoint: _446_ (rising edge-triggered flip-flop clocked by clk)
Endpoint: _505_ (rising edge-triggered flip-flop clocked by clk)
Path Group: clk
Path Type: max
Corner: Slowest

Fanout     Cap    Slew   Delay    Time   Description
-----------------------------------------------------------------------------
                          0.00    0.00   clock clk (rise edge)
                          0.00    0.00   clock source latency
                  0.11    0.08    0.08 ^ clk (in)
     1    0.01                           clk (net)
                  0.11    0.00    0.08 ^ clkbuf_0_clk/A (sky130_fd_sc_hd__clkbuf_16)
                  0.15    0.33    0.41 ^ clkbuf_0_clk/X (sky130_fd_sc_hd__clkbuf_16)
     8    0.08                           clknet_0_clk (net)
                  0.15    0.00    0.41 ^ clkbuf_3_1__f_clk/A (sky130_fd_sc_hd__clkbuf_16)
                  0.07    0.27    0.68 ^ clkbuf_3_1__f_clk/X (sky130_fd_sc_hd__clkbuf_16)
     6    0.02                           clknet_3_1__leaf_clk (net)
                  0.07    0.00    0.68 ^ _446_/CLK (sky130_fd_sc_hd__dfrtp_1)
                  0.07    0.76    1.44 v _446_/Q (sky130_fd_sc_hd__dfrtp_1)
     1    0.00                           genblk1[30].csa.y (net)
                  0.07    0.00    1.44 v hold8/A (sky130_fd_sc_hd__dlygate4sd3_1)
                  0.15    1.24    2.68 v hold8/X (sky130_fd_sc_hd__dlygate4sd3_1)
     2    0.01                           net43 (net)
                  0.15    0.00    2.68 v _368_/B (sky130_fd_sc_hd__and2_1)
                  0.06    0.36    3.04 v _368_/X (sky130_fd_sc_hd__and2_1)
     1    0.00                           _197_ (net)
                  0.06    0.00    3.04 v hold9/A (sky130_fd_sc_hd__dlygate4sd3_1)
                  0.11    1.17    4.21 v hold9/X (sky130_fd_sc_hd__dlygate4sd3_1)
     1    0.00                           net44 (net)
                  0.11    0.00    4.21 v _369_/B1 (sky130_fd_sc_hd__a31o_1)
                  0.07    0.37    4.57 v _369_/X (sky130_fd_sc_hd__a31o_1)
     1    0.00                           _023_ (net)
                  0.07    0.00    4.57 v _505_/D (sky130_fd_sc_hd__dfrtp_1)
                                  4.57   data arrival time

                         10.00   10.00   clock clk (rise edge)
                          0.00   10.00   clock source latency
                  0.11    0.07   10.07 ^ clk (in)
     1    0.01                           clk (net)
                  0.11    0.00   10.07 ^ clkbuf_0_clk/A (sky130_fd_sc_hd__clkbuf_16)
                  0.15    0.30   10.37 ^ clkbuf_0_clk/X (sky130_fd_sc_hd__clkbuf_16)
     8    0.08                           clknet_0_clk (net)
                  0.15    0.00   10.37 ^ clkbuf_3_4__f_clk/A (sky130_fd_sc_hd__clkbuf_16)
                  0.07    0.24   10.62 ^ clkbuf_3_4__f_clk/X (sky130_fd_sc_hd__clkbuf_16)
     6    0.02                           clknet_3_4__leaf_clk (net)
                  0.07    0.00   10.62 ^ _505_/CLK (sky130_fd_sc_hd__dfrtp_1)
                         -0.25   10.37   clock uncertainty
                          0.04   10.40   clock reconvergence pessimism
                         -0.28   10.13   library setup time
                                 10.13   data required time
-----------------------------------------------------------------------------
                                 10.13   data required time
                                 -4.57   data arrival time
-----------------------------------------------------------------------------
                                  5.55   slack (MET)



======================= Typical Corner ===================================

Startpoint: rst (input port clocked by clk)
Endpoint: _473_ (recovery check against rising-edge clock clk)
Path Group: asynchronous
Path Type: max
Corner: Typical

Fanout     Cap    Slew   Delay    Time   Description
-----------------------------------------------------------------------------
                          0.00    0.00   clock clk (rise edge)
                          0.00    0.00   clock network delay (propagated)
                          2.00    2.00 v input external delay
                  0.01    0.00    2.00 v rst (in)
     1    0.00                           rst (net)
                  0.01    0.00    2.00 v input1/A (sky130_fd_sc_hd__clkbuf_1)
                  0.03    0.08    2.08 v input1/X (sky130_fd_sc_hd__clkbuf_1)
     1    0.00                           net1 (net)
                  0.03    0.00    2.08 v _372_/A (sky130_fd_sc_hd__clkbuf_4)
                  0.10    0.20    2.28 v _372_/X (sky130_fd_sc_hd__clkbuf_4)
    10    0.05                           _199_ (net)
                  0.10    0.00    2.28 v _406_/A (sky130_fd_sc_hd__buf_4)
                  0.08    0.23    2.51 v _406_/X (sky130_fd_sc_hd__buf_4)
    10    0.06                           _203_ (net)
                  0.08    0.00    2.51 v _407_/A (sky130_fd_sc_hd__inv_2)
                  0.04    0.07    2.58 ^ _407_/Y (sky130_fd_sc_hd__inv_2)
     1    0.01                           _063_ (net)
                  0.04    0.00    2.58 ^ _473_/RESET_B (sky130_fd_sc_hd__dfrtp_1)
                                  2.58   data arrival time

                         10.00   10.00   clock clk (rise edge)
                          0.00   10.00   clock source latency
                  0.07    0.05   10.05 ^ clk (in)
     1    0.01                           clk (net)
                  0.07    0.00   10.05 ^ clkbuf_0_clk/A (sky130_fd_sc_hd__clkbuf_16)
                  0.10    0.17   10.22 ^ clkbuf_0_clk/X (sky130_fd_sc_hd__clkbuf_16)
     8    0.08                           clknet_0_clk (net)
                  0.10    0.00   10.22 ^ clkbuf_3_3__f_clk/A (sky130_fd_sc_hd__clkbuf_16)
                  0.04    0.14   10.36 ^ clkbuf_3_3__f_clk/X (sky130_fd_sc_hd__clkbuf_16)
     6    0.02                           clknet_3_3__leaf_clk (net)
                  0.04    0.00   10.36 ^ _473_/CLK (sky130_fd_sc_hd__dfrtp_1)
                         -0.25   10.11   clock uncertainty
                          0.00   10.11   clock reconvergence pessimism
                          0.23   10.34   library recovery time
                                 10.34   data required time
-----------------------------------------------------------------------------
                                 10.34   data required time
                                 -2.58   data arrival time
-----------------------------------------------------------------------------
                                  7.76   slack (MET)


Startpoint: _444_ (rising edge-triggered flip-flop clocked by clk)
Endpoint: p (output port clocked by clk)
Path Group: clk
Path Type: max
Corner: Typical

Fanout     Cap    Slew   Delay    Time   Description
-----------------------------------------------------------------------------
                          0.00    0.00   clock clk (rise edge)
                          0.00    0.00   clock source latency
                  0.07    0.05    0.05 ^ clk (in)
     1    0.01                           clk (net)
                  0.07    0.00    0.05 ^ clkbuf_0_clk/A (sky130_fd_sc_hd__clkbuf_16)
                  0.10    0.19    0.24 ^ clkbuf_0_clk/X (sky130_fd_sc_hd__clkbuf_16)
     8    0.08                           clknet_0_clk (net)
                  0.10    0.00    0.24 ^ clkbuf_3_0__f_clk/A (sky130_fd_sc_hd__clkbuf_16)
                  0.05    0.16    0.40 ^ clkbuf_3_0__f_clk/X (sky130_fd_sc_hd__clkbuf_16)
     9    0.03                           clknet_3_0__leaf_clk (net)
                  0.05    0.00    0.40 ^ _444_/CLK (sky130_fd_sc_hd__dfrtp_1)
                  0.04    0.37    0.77 v _444_/Q (sky130_fd_sc_hd__dfrtp_1)
     1    0.00                           net35 (net)
                  0.04    0.00    0.77 v output35/A (sky130_fd_sc_hd__clkbuf_4)
                  0.08    0.19    0.96 v output35/X (sky130_fd_sc_hd__clkbuf_4)
     1    0.03                           p (net)
                  0.08    0.00    0.96 v p (out)
                                  0.96   data arrival time

                         10.00   10.00   clock clk (rise edge)
                          0.00   10.00   clock network delay (propagated)
                         -0.25    9.75   clock uncertainty
                          0.00    9.75   clock reconvergence pessimism
                         -2.00    7.75   output external delay
                                  7.75   data required time
-----------------------------------------------------------------------------
                                  7.75   data required time
                                 -0.96   data arrival time
-----------------------------------------------------------------------------
                                  6.79   slack (MET)




===========================================================================
report_checks --slack_max -0.01
============================================================================
======================= Fastest Corner ===================================

No paths found.

======================= Slowest Corner ===================================

No paths found.

======================= Typical Corner ===================================

No paths found.


===========================================================================
 report_check_types -max_slew -max_cap -max_fanout -violators
============================================================================
======================= Fastest Corner ===================================

max fanout

Pin                                   Limit Fanout  Slack
---------------------------------------------------------
clkbuf_3_2__f_clk/X                      10     11        (VIOLATED)


======================= Slowest Corner ===================================

max fanout

Pin                                   Limit Fanout  Slack
---------------------------------------------------------
clkbuf_3_2__f_clk/X                      10     11        (VIOLATED)


======================= Typical Corner ===================================

max fanout

Pin                                   Limit Fanout  Slack
---------------------------------------------------------
clkbuf_3_2__f_clk/X                      10     11        (VIOLATED)



===========================================================================
report_parasitic_annotation -report_unannotated
============================================================================
Found 0 unannotated drivers.
Found 0 partially unannotated drivers.

===========================================================================
max slew violation count 0
max fanout violation count 1
max cap violation count 0
============================================================================

===========================================================================
check_setup -verbose -unconstrained_endpoints -multiple_clock -no_clock -no_input_delay -loops -generated_clocks
===========================================================================
