
===========================================================================
 report_power
============================================================================
======================= Fastest Corner ===================================

Group                  Internal  Switching    Leakage      Total
                          Power      Power      Power      Power (Watts)
----------------------------------------------------------------
Sequential             4.09e-04   7.29e-05   3.02e-07   4.82e-04  38.8%
Combinational          4.56e-04   3.06e-04   4.19e-09   7.61e-04  61.2%
Macro                  0.00e+00   0.00e+00   0.00e+00   0.00e+00   0.0%
Pad                    0.00e+00   0.00e+00   0.00e+00   0.00e+00   0.0%
----------------------------------------------------------------
Total                  8.65e-04   3.78e-04   3.06e-07   1.24e-03 100.0%
                          69.5%      30.4%       0.0%

======================= Slowest Corner ===================================

Group                  Internal  Switching    Leakage      Total
                          Power      Power      Power      Power (Watts)
----------------------------------------------------------------
Sequential             2.75e-04   4.79e-05   1.21e-06   3.24e-04  38.2%
Combinational          3.23e-04   1.98e-04   1.57e-06   5.23e-04  61.8%
Macro                  0.00e+00   0.00e+00   0.00e+00   0.00e+00   0.0%
Pad                    0.00e+00   0.00e+00   0.00e+00   0.00e+00   0.0%
----------------------------------------------------------------
Total                  5.98e-04   2.46e-04   2.78e-06   8.47e-04 100.0%
                          70.6%      29.1%       0.3%

======================= Typical Corner ===================================

Group                  Internal  Switching    Leakage      Total
                          Power      Power      Power      Power (Watts)
----------------------------------------------------------------
Sequential             3.53e-04   6.13e-05   3.02e-07   4.15e-04  38.7%
Combinational          4.01e-04   2.57e-04   2.02e-09   6.58e-04  61.3%
Macro                  0.00e+00   0.00e+00   0.00e+00   0.00e+00   0.0%
Pad                    0.00e+00   0.00e+00   0.00e+00   0.00e+00   0.0%
----------------------------------------------------------------
Total                  7.54e-04   3.18e-04   3.04e-07   1.07e-03 100.0%
                          70.3%      29.7%       0.0%

