
===========================================================================
report_checks -unconstrained
===========================================================================
======================= Fastest Corner ===================================

Startpoint: rst (input port clocked by clk)
Endpoint: _473_ (recovery check against rising-edge clock clk)
Path Group: asynchronous
Path Type: max
Corner: Fastest

Fanout     Cap    Slew   Delay    Time   Description
-----------------------------------------------------------------------------
                          0.00    0.00   clock clk (rise edge)
                          0.00    0.00   clock network delay (propagated)
                          2.00    2.00 v input external delay
                  0.00    0.00    2.00 v rst (in)
     1    0.00                           rst (net)
                  0.00    0.00    2.00 v input1/A (sky130_fd_sc_hd__clkbuf_1)
                  0.02    0.05    2.05 v input1/X (sky130_fd_sc_hd__clkbuf_1)
     1    0.00                           net1 (net)
                  0.02    0.00    2.05 v _372_/A (sky130_fd_sc_hd__clkbuf_4)
                  0.08    0.14    2.19 v _372_/X (sky130_fd_sc_hd__clkbuf_4)
    10    0.05                           _199_ (net)
                  0.08    0.01    2.19 v _406_/A (sky130_fd_sc_hd__buf_4)
                  0.07    0.15    2.35 v _406_/X (sky130_fd_sc_hd__buf_4)
    10    0.06                           _203_ (net)
                  0.07    0.01    2.36 v _407_/A (sky130_fd_sc_hd__inv_2)
                  0.03    0.05    2.41 ^ _407_/Y (sky130_fd_sc_hd__inv_2)
     1    0.01                           _063_ (net)
                  0.03    0.00    2.41 ^ _473_/RESET_B (sky130_fd_sc_hd__dfrtp_1)
                                  2.41   data arrival time

                         10.00   10.00   clock clk (rise edge)
                          0.00   10.00   clock source latency
                  0.06    0.04   10.04 ^ clk (in)
     1    0.02                           clk (net)
                  0.06    0.00   10.04 ^ clkbuf_0_clk/A (sky130_fd_sc_hd__clkbuf_16)
                  0.08    0.12   10.16 ^ clkbuf_0_clk/X (sky130_fd_sc_hd__clkbuf_16)
     8    0.09                           clknet_0_clk (net)
                  0.08    0.00   10.16 ^ clkbuf_3_3__f_clk/A (sky130_fd_sc_hd__clkbuf_16)
                  0.03    0.09   10.26 ^ clkbuf_3_3__f_clk/X (sky130_fd_sc_hd__clkbuf_16)
     6    0.02                           clknet_3_3__leaf_clk (net)
                  0.03    0.00   10.26 ^ _473_/CLK (sky130_fd_sc_hd__dfrtp_1)
                         -0.25   10.01   clock uncertainty
                          0.00   10.01   clock reconvergence pessimism
                          0.14   10.15   library recovery time
                                 10.15   data required time
-----------------------------------------------------------------------------
                                 10.15   data required time
                                 -2.41   data arrival time
-----------------------------------------------------------------------------
                                  7.74   slack (MET)


Startpoint: _444_ (rising edge-triggered flip-flop clocked by clk)
Endpoint: p (output port clocked by clk)
Path Group: clk
Path Type: max
Corner: Fastest

Fanout     Cap    Slew   Delay    Time   Description
-----------------------------------------------------------------------------
                          0.00    0.00   clock clk (rise edge)
                          0.00    0.00   clock source latency
                  0.06    0.04    0.04 ^ clk (in)
     1    0.02                           clk (net)
                  0.06    0.00    0.04 ^ clkbuf_0_clk/A (sky130_fd_sc_hd__clkbuf_16)
                  0.08    0.13    0.17 ^ clkbuf_0_clk/X (sky130_fd_sc_hd__clkbuf_16)
     8    0.09                           clknet_0_clk (net)
                  0.08    0.01    0.18 ^ clkbuf_3_0__f_clk/A (sky130_fd_sc_hd__clkbuf_16)
                  0.04    0.11    0.29 ^ clkbuf_3_0__f_clk/X (sky130_fd_sc_hd__clkbuf_16)
     9    0.03                           clknet_3_0__leaf_clk (net)
                  0.04    0.00    0.29 ^ _444_/CLK (sky130_fd_sc_hd__dfrtp_1)
                  0.03    0.23    0.52 v _444_/Q (sky130_fd_sc_hd__dfrtp_1)
     1    0.00                           net35 (net)
                  0.03    0.00    0.52 v output35/A (sky130_fd_sc_hd__clkbuf_4)
                  0.06    0.13    0.65 v output35/X (sky130_fd_sc_hd__clkbuf_4)
     1    0.03                           p (net)
                  0.06    0.00    0.65 v p (out)
                                  0.65   data arrival time

                         10.00   10.00   clock clk (rise edge)
                          0.00   10.00   clock network delay (propagated)
                         -0.25    9.75   clock uncertainty
                          0.00    9.75   clock reconvergence pessimism
                         -2.00    7.75   output external delay
                                  7.75   data required time
-----------------------------------------------------------------------------
                                  7.75   data required time
                                 -0.65   data arrival time
-----------------------------------------------------------------------------
                                  7.10   slack (MET)



======================= Slowest Corner ===================================

Startpoint: rst (input port clocked by clk)
Endpoint: _473_ (recovery check against rising-edge clock clk)
Path Group: asynchronous
Path Type: max
Corner: Slowest

Fanout     Cap    Slew   Delay    Time   Description
-----------------------------------------------------------------------------
                          0.00    0.00   clock clk (rise edge)
                          0.00    0.00   clock network delay (propagated)
                          2.00    2.00 v input external delay
                  0.02    0.01    2.01 v rst (in)
     1    0.00                           rst (net)
                  0.02    0.00    2.01 v input1/A (sky130_fd_sc_hd__clkbuf_1)
                  0.05    0.15    2.16 v input1/X (sky130_fd_sc_hd__clkbuf_1)
     1    0.00                           net1 (net)
                  0.05    0.00    2.16 v _372_/A (sky130_fd_sc_hd__clkbuf_4)
                  0.18    0.37    2.52 v _372_/X (sky130_fd_sc_hd__clkbuf_4)
    10    0.05                           _199_ (net)
                  0.18    0.01    2.53 v _406_/A (sky130_fd_sc_hd__buf_4)
                  0.16    0.42    2.95 v _406_/X (sky130_fd_sc_hd__buf_4)
    10    0.06                           _203_ (net)
                  0.16    0.01    2.96 v _407_/A (sky130_fd_sc_hd__inv_2)
                  0.07    0.12    3.08 ^ _407_/Y (sky130_fd_sc_hd__inv_2)
     1    0.01                           _063_ (net)
                  0.07    0.00    3.08 ^ _473_/RESET_B (sky130_fd_sc_hd__dfrtp_1)
                                  3.08   data arrival time

                         10.00   10.00   clock clk (rise edge)
                          0.00   10.00   clock source latency
                  0.12    0.08   10.08 ^ clk (in)
     1    0.02                           clk (net)
                  0.12    0.00   10.08 ^ clkbuf_0_clk/A (sky130_fd_sc_hd__clkbuf_16)
                  0.16    0.31   10.38 ^ clkbuf_0_clk/X (sky130_fd_sc_hd__clkbuf_16)
     8    0.09                           clknet_0_clk (net)
                  0.16    0.00   10.39 ^ clkbuf_3_3__f_clk/A (sky130_fd_sc_hd__clkbuf_16)
                  0.07    0.25   10.63 ^ clkbuf_3_3__f_clk/X (sky130_fd_sc_hd__clkbuf_16)
     6    0.02                           clknet_3_3__leaf_clk (net)
                  0.07    0.00   10.64 ^ _473_/CLK (sky130_fd_sc_hd__dfrtp_1)
                         -0.25   10.39   clock uncertainty
                          0.00   10.39   clock reconvergence pessimism
                          0.46   10.85   library recovery time
                                 10.85   data required time
-----------------------------------------------------------------------------
                                 10.85   data required time
                                 -3.08   data arrival time
-----------------------------------------------------------------------------
                                  7.77   slack (MET)


Startpoint: _476_ (rising edge-triggered flip-flop clocked by clk)
Endpoint: _473_ (rising edge-triggered flip-flop clocked by clk)
Path Group: clk
Path Type: max
Corner: Slowest

Fanout     Cap    Slew   Delay    Time   Description
-----------------------------------------------------------------------------
                          0.00    0.00   clock clk (rise edge)
                          0.00    0.00   clock source latency
                  0.12    0.08    0.08 ^ clk (in)
     1    0.02                           clk (net)
                  0.12    0.00    0.08 ^ clkbuf_0_clk/A (sky130_fd_sc_hd__clkbuf_16)
                  0.16    0.34    0.42 ^ clkbuf_0_clk/X (sky130_fd_sc_hd__clkbuf_16)
     8    0.09                           clknet_0_clk (net)
                  0.16    0.01    0.43 ^ clkbuf_3_6__f_clk/A (sky130_fd_sc_hd__clkbuf_16)
                  0.07    0.28    0.70 ^ clkbuf_3_6__f_clk/X (sky130_fd_sc_hd__clkbuf_16)
     7    0.02                           clknet_3_6__leaf_clk (net)
                  0.07    0.00    0.70 ^ _476_/CLK (sky130_fd_sc_hd__dfrtp_1)
                  0.13    0.84    1.54 v _476_/Q (sky130_fd_sc_hd__dfrtp_1)
     2    0.01                           genblk1[14].csa.y (net)
                  0.13    0.00    1.54 v hold13/A (sky130_fd_sc_hd__dlygate4sd3_1)
                  0.11    1.21    2.75 v hold13/X (sky130_fd_sc_hd__dlygate4sd3_1)
     1    0.00                           net48 (net)
                  0.11    0.00    2.75 v _286_/B (sky130_fd_sc_hd__and2_1)
                  0.06    0.33    3.08 v _286_/X (sky130_fd_sc_hd__and2_1)
     1    0.00                           _147_ (net)
                  0.06    0.00    3.08 v hold14/A (sky130_fd_sc_hd__dlygate4sd3_1)
                  0.11    1.17    4.25 v hold14/X (sky130_fd_sc_hd__dlygate4sd3_1)
     1    0.00                           net49 (net)
                  0.11    0.00    4.25 v _287_/B1 (sky130_fd_sc_hd__a31o_1)
                  0.07    0.36    4.61 v _287_/X (sky130_fd_sc_hd__a31o_1)
     1    0.00                           _005_ (net)
                  0.07    0.00    4.61 v _473_/D (sky130_fd_sc_hd__dfrtp_1)
                                  4.61   data arrival time

                         10.00   10.00   clock clk (rise edge)
                          0.00   10.00   clock source latency
                  0.12    0.08   10.08 ^ clk (in)
     1    0.02                           clk (net)
                  0.12    0.00   10.08 ^ clkbuf_0_clk/A (sky130_fd_sc_hd__clkbuf_16)
                  0.16    0.31   10.38 ^ clkbuf_0_clk/X (sky130_fd_sc_hd__clkbuf_16)
     8    0.09                           clknet_0_clk (net)
                  0.16    0.00   10.39 ^ clkbuf_3_3__f_clk/A (sky130_fd_sc_hd__clkbuf_16)
                  0.07    0.25   10.63 ^ clkbuf_3_3__f_clk/X (sky130_fd_sc_hd__clkbuf_16)
     6    0.02                           clknet_3_3__leaf_clk (net)
                  0.07    0.00   10.64 ^ _473_/CLK (sky130_fd_sc_hd__dfrtp_1)
                         -0.25   10.39   clock uncertainty
                          0.04   10.43   clock reconvergence pessimism
                         -0.28   10.15   library setup time
                                 10.15   data required time
-----------------------------------------------------------------------------
                                 10.15   data required time
                                 -4.61   data arrival time
-----------------------------------------------------------------------------
                                  5.54   slack (MET)



======================= Typical Corner ===================================

Startpoint: rst (input port clocked by clk)
Endpoint: _473_ (recovery check against rising-edge clock clk)
Path Group: asynchronous
Path Type: max
Corner: Typical

Fanout     Cap    Slew   Delay    Time   Description
-----------------------------------------------------------------------------
                          0.00    0.00   clock clk (rise edge)
                          0.00    0.00   clock network delay (propagated)
                          2.00    2.00 v input external delay
                  0.01    0.00    2.00 v rst (in)
     1    0.00                           rst (net)
                  0.01    0.00    2.00 v input1/A (sky130_fd_sc_hd__clkbuf_1)
                  0.03    0.08    2.08 v input1/X (sky130_fd_sc_hd__clkbuf_1)
     1    0.00                           net1 (net)
                  0.03    0.00    2.08 v _372_/A (sky130_fd_sc_hd__clkbuf_4)
                  0.11    0.20    2.28 v _372_/X (sky130_fd_sc_hd__clkbuf_4)
    10    0.05                           _199_ (net)
                  0.11    0.01    2.29 v _406_/A (sky130_fd_sc_hd__buf_4)
                  0.09    0.23    2.52 v _406_/X (sky130_fd_sc_hd__buf_4)
    10    0.06                           _203_ (net)
                  0.09    0.01    2.53 v _407_/A (sky130_fd_sc_hd__inv_2)
                  0.04    0.07    2.60 ^ _407_/Y (sky130_fd_sc_hd__inv_2)
     1    0.01                           _063_ (net)
                  0.04    0.00    2.60 ^ _473_/RESET_B (sky130_fd_sc_hd__dfrtp_1)
                                  2.60   data arrival time

                         10.00   10.00   clock clk (rise edge)
                          0.00   10.00   clock source latency
                  0.08    0.05   10.05 ^ clk (in)
     1    0.02                           clk (net)
                  0.08    0.00   10.05 ^ clkbuf_0_clk/A (sky130_fd_sc_hd__clkbuf_16)
                  0.10    0.18   10.22 ^ clkbuf_0_clk/X (sky130_fd_sc_hd__clkbuf_16)
     8    0.09                           clknet_0_clk (net)
                  0.10    0.00   10.23 ^ clkbuf_3_3__f_clk/A (sky130_fd_sc_hd__clkbuf_16)
                  0.04    0.14   10.37 ^ clkbuf_3_3__f_clk/X (sky130_fd_sc_hd__clkbuf_16)
     6    0.02                           clknet_3_3__leaf_clk (net)
                  0.04    0.00   10.37 ^ _473_/CLK (sky130_fd_sc_hd__dfrtp_1)
                         -0.25   10.12   clock uncertainty
                          0.00   10.12   clock reconvergence pessimism
                          0.23   10.35   library recovery time
                                 10.35   data required time
-----------------------------------------------------------------------------
                                 10.35   data required time
                                 -2.60   data arrival time
-----------------------------------------------------------------------------
                                  7.75   slack (MET)


Startpoint: _444_ (rising edge-triggered flip-flop clocked by clk)
Endpoint: p (output port clocked by clk)
Path Group: clk
Path Type: max
Corner: Typical

Fanout     Cap    Slew   Delay    Time   Description
-----------------------------------------------------------------------------
                          0.00    0.00   clock clk (rise edge)
                          0.00    0.00   clock source latency
                  0.08    0.05    0.05 ^ clk (in)
     1    0.02                           clk (net)
                  0.08    0.00    0.05 ^ clkbuf_0_clk/A (sky130_fd_sc_hd__clkbuf_16)
                  0.10    0.19    0.25 ^ clkbuf_0_clk/X (sky130_fd_sc_hd__clkbuf_16)
     8    0.09                           clknet_0_clk (net)
                  0.10    0.01    0.25 ^ clkbuf_3_0__f_clk/A (sky130_fd_sc_hd__clkbuf_16)
                  0.05    0.16    0.42 ^ clkbuf_3_0__f_clk/X (sky130_fd_sc_hd__clkbuf_16)
     9    0.03                           clknet_3_0__leaf_clk (net)
                  0.05    0.00    0.42 ^ _444_/CLK (sky130_fd_sc_hd__dfrtp_1)
                  0.04    0.37    0.79 v _444_/Q (sky130_fd_sc_hd__dfrtp_1)
     1    0.00                           net35 (net)
                  0.04    0.00    0.79 v output35/A (sky130_fd_sc_hd__clkbuf_4)
                  0.08    0.19    0.97 v output35/X (sky130_fd_sc_hd__clkbuf_4)
     1    0.03                           p (net)
                  0.08    0.00    0.97 v p (out)
                                  0.97   data arrival time

                         10.00   10.00   clock clk (rise edge)
                          0.00   10.00   clock network delay (propagated)
                         -0.25    9.75   clock uncertainty
                          0.00    9.75   clock reconvergence pessimism
                         -2.00    7.75   output external delay
                                  7.75   data required time
-----------------------------------------------------------------------------
                                  7.75   data required time
                                 -0.97   data arrival time
-----------------------------------------------------------------------------
                                  6.78   slack (MET)




===========================================================================
report_checks --slack_max -0.01
============================================================================
======================= Fastest Corner ===================================

No paths found.

======================= Slowest Corner ===================================

No paths found.

======================= Typical Corner ===================================

No paths found.


===========================================================================
 report_check_types -max_slew -max_cap -max_fanout -violators
============================================================================
======================= Fastest Corner ===================================

max fanout

Pin                                   Limit Fanout  Slack
---------------------------------------------------------
clkbuf_3_2__f_clk/X                      10     11        (VIOLATED)


======================= Slowest Corner ===================================

max fanout

Pin                                   Limit Fanout  Slack
---------------------------------------------------------
clkbuf_3_2__f_clk/X                      10     11        (VIOLATED)


======================= Typical Corner ===================================

max fanout

Pin                                   Limit Fanout  Slack
---------------------------------------------------------
clkbuf_3_2__f_clk/X                      10     11        (VIOLATED)



===========================================================================
report_parasitic_annotation -report_unannotated
============================================================================
Found 0 unannotated drivers.
Found 0 partially unannotated drivers.

===========================================================================
max slew violation count 0
max fanout violation count 1
max cap violation count 0
============================================================================

===========================================================================
check_setup -verbose -unconstrained_endpoints -multiple_clock -no_clock -no_input_delay -loops -generated_clocks
===========================================================================
