Instance name,  X location,  Y location,  Voltage 
_329_, 84.81, 100.64, 1.79975
input20, 84.81, 100.64, 1.79975
FILLER_0_32_165, 84.81, 100.64, 1.79975
_425_, 84.81, 95.2, 1.79972
_489_, 84.81, 95.2, 1.79972
input21, 84.81, 95.2, 1.79972
input22, 84.81, 95.2, 1.79972
input23, 84.81, 95.2, 1.79972
FILLER_0_31_165, 84.81, 95.2, 1.79972
_327_, 84.81, 89.76, 1.79971
_424_, 84.81, 89.76, 1.79971
_492_, 84.81, 89.76, 1.79971
FILLER_0_28_161, 84.81, 89.76, 1.79971
FILLER_0_29_181, 84.81, 89.76, 1.79971
FILLER_0_30_173, 84.81, 89.76, 1.79971
_427_, 84.81, 84.32, 1.79973
_491_, 84.81, 84.32, 1.79973
FILLER_0_27_169, 84.81, 84.32, 1.79973
_333_, 84.81, 78.88, 1.79974
_426_, 84.81, 78.88, 1.79974
FILLER_0_25_169, 84.81, 78.88, 1.79974
_337_, 84.81, 73.44, 1.79977
_340_, 84.81, 73.44, 1.79977
FILLER_0_22_171, 84.81, 73.44, 1.79977
FILLER_0_23_169, 84.81, 73.44, 1.79977
FILLER_0_24_183, 84.81, 73.44, 1.79977
_338_, 84.81, 68, 1.79976
_341_, 84.81, 68, 1.79976
_494_, 84.81, 68, 1.79976
hold45, 84.81, 68, 1.79976
FILLER_0_20_165, 84.81, 68, 1.79976
FILLER_0_21_165, 84.81, 68, 1.79976
FILLER_0_21_169, 84.81, 68, 1.79976
_345_, 84.81, 62.56, 1.79971
_496_, 84.81, 62.56, 1.79971
hold19, 84.81, 62.56, 1.79971
hold20, 84.81, 62.56, 1.79971
FILLER_0_19_164, 84.81, 62.56, 1.79971
FILLER_0_19_169, 84.81, 62.56, 1.79971
_342_, 84.81, 57.12, 1.79973
_346_, 84.81, 57.12, 1.79973
FILLER_0_17_164, 84.81, 57.12, 1.79973
_349_, 84.81, 51.68, 1.79971
_434_, 84.81, 51.68, 1.79971
_497_, 84.81, 51.68, 1.79971
FILLER_0_16_177, 84.81, 51.68, 1.79971
_347_, 84.81, 46.24, 1.79969
_433_, 84.81, 46.24, 1.79969
_500_, 84.81, 46.24, 1.79969
FILLER_0_14_175, 84.81, 46.24, 1.79969
_354_, 84.81, 40.8, 1.79966
_499_, 84.81, 40.8, 1.79966
_352_, 84.81, 35.36, 1.79967
_360_, 84.81, 35.36, 1.79967
_435_, 84.81, 35.36, 1.79967
hold35, 84.81, 35.36, 1.79967
FILLER_0_9_184, 84.81, 35.36, 1.79967
_358_, 84.81, 29.92, 1.79966
_361_, 84.81, 29.92, 1.79966
_502_, 84.81, 29.92, 1.79966
hold34, 84.81, 29.92, 1.79966
FILLER_0_8_184, 84.81, 29.92, 1.79966
FILLER_0_5_162, 84.81, 24.48, 1.79968
FILLER_0_6_175, 84.81, 24.48, 1.79968
FILLER_0_6_183, 84.81, 24.48, 1.79968
FILLER_0_0_165, 84.81, 13.6, 1.79969
FILLER_0_1_161, 84.81, 13.6, 1.79969
input11, 62.155, 100.64, 1.79975
input12, 62.155, 100.64, 1.79975
FILLER_0_32_117, 62.155, 100.64, 1.79975
FILLER_0_32_123, 62.155, 100.64, 1.79975
_410_, 62.155, 95.2, 1.79972
_422_, 62.155, 95.2, 1.79972
_487_, 62.155, 95.2, 1.79972
input14, 62.155, 95.2, 1.79972
FILLER_0_30_120, 62.155, 95.2, 1.79972
FILLER_0_31_116, 62.155, 95.2, 1.79972
FILLER_0_32_129, 62.155, 95.2, 1.79972
_324_, 62.155, 89.76, 1.79971
_325_, 62.155, 89.76, 1.79971
hold36, 62.155, 89.76, 1.79971
FILLER_0_28_118, 62.155, 89.76, 1.79971
FILLER_0_29_125, 62.155, 89.76, 1.79971
_290_, 62.155, 84.32, 1.79973
_291_, 62.155, 84.32, 1.79973
_326_, 62.155, 84.32, 1.79973
FILLER_0_27_113, 62.155, 84.32, 1.79973
FILLER_0_27_130, 62.155, 84.32, 1.79973
_412_, 62.155, 78.88, 1.79971
_478_, 62.155, 78.88, 1.79971
_485_, 62.155, 78.88, 1.79971
FILLER_0_24_111, 62.155, 78.88, 1.79971
FILLER_0_25_133, 62.155, 78.88, 1.79971
FILLER_0_26_133, 62.155, 78.88, 1.79971
_319_, 62.155, 73.44, 1.79976
hold21, 62.155, 73.44, 1.79976
hold22, 62.155, 73.44, 1.79976
FILLER_0_23_121, 62.155, 73.44, 1.79976
_295_, 62.155, 68, 1.79976
_296_, 62.155, 68, 1.79976
_321_, 62.155, 68, 1.79976
_486_, 62.155, 68, 1.79976
FILLER_0_21_118, 62.155, 68, 1.79976
_414_, 62.155, 62.56, 1.79966
clkbuf_3_7__f_clk, 62.155, 62.56, 1.79966
FILLER_0_19_118, 62.155, 62.56, 1.79966
FILLER_0_19_126, 62.155, 62.56, 1.79966
_312_, 62.155, 57.12, 1.79972
_313_, 62.155, 57.12, 1.79972
_483_, 62.155, 57.12, 1.79972
hold24, 62.155, 57.12, 1.79972
hold31, 62.155, 57.12, 1.79972
FILLER_0_17_113, 62.155, 57.12, 1.79972
FILLER_0_18_124, 62.155, 57.12, 1.79972
_264_, 62.155, 51.68, 1.7997
_302_, 62.155, 51.68, 1.7997
_314_, 62.155, 51.68, 1.7997
_315_, 62.155, 51.68, 1.7997
_418_, 62.155, 51.68, 1.7997
hold52, 62.155, 51.68, 1.7997
FILLER_0_15_118, 62.155, 51.68, 1.7997
_308_, 62.155, 46.24, 1.79968
_484_, 62.155, 46.24, 1.79968
hold25, 62.155, 46.24, 1.79968
hold49, 62.155, 46.24, 1.79968
FILLER_0_14_126, 62.155, 46.24, 1.79968
_306_, 62.155, 40.8, 1.79961
_415_, 62.155, 40.8, 1.79961
_481_, 62.155, 40.8, 1.79961
clkbuf_3_5__f_clk, 62.155, 40.8, 1.79961
hold26, 62.155, 40.8, 1.79961
_316_, 62.155, 35.36, 1.79964
_363_, 62.155, 35.36, 1.79964
_370_, 62.155, 35.36, 1.79964
_503_, 62.155, 35.36, 1.79964
FILLER_0_8_122, 62.155, 35.36, 1.79964
FILLER_0_9_113, 62.155, 35.36, 1.79964
FILLER_0_10_124, 62.155, 35.36, 1.79964
FILLER_0_10_132, 62.155, 35.36, 1.79964
_369_, 62.155, 29.92, 1.79966
_371_, 62.155, 29.92, 1.79966
_439_, 62.155, 29.92, 1.79966
hold8, 62.155, 29.92, 1.79966
hold9, 62.155, 29.92, 1.79966
FILLER_0_8_130, 62.155, 29.92, 1.79966
_367_, 62.155, 24.48, 1.79966
_368_, 62.155, 24.48, 1.79966
_506_, 62.155, 24.48, 1.79966
FILLER_0_6_134, 62.155, 24.48, 1.79966
_442_, 62.155, 19.04, 1.79968
FILLER_0_4_129, 62.155, 19.04, 1.79968
FILLER_0_4_135, 62.155, 19.04, 1.79968
FILLER_0_2_133, 62.155, 13.6, 1.79968
input3, 39.5, 100.64, 1.79972
input4, 39.5, 100.64, 1.79972
FILLER_0_32_63, 39.5, 100.64, 1.79972
FILLER_0_32_69, 39.5, 100.64, 1.79972
_255_, 39.5, 95.2, 1.79969
_285_, 39.5, 95.2, 1.79969
_473_, 39.5, 95.2, 1.79969
input5, 39.5, 95.2, 1.79969
input6, 39.5, 95.2, 1.79969
FILLER_0_30_73, 39.5, 95.2, 1.79969
FILLER_0_32_75, 39.5, 95.2, 1.79969
FILLER_0_32_81, 39.5, 95.2, 1.79969
_287_, 39.5, 89.76, 1.79967
_288_, 39.5, 89.76, 1.79967
_289_, 39.5, 89.76, 1.79967
hold14, 39.5, 89.76, 1.79967
_280_, 39.5, 84.32, 1.79971
_282_, 39.5, 84.32, 1.79971
FILLER_0_27_69, 39.5, 84.32, 1.79971
FILLER_0_28_79, 39.5, 84.32, 1.79971
_281_, 39.5, 78.88, 1.79967
_404_, 39.5, 78.88, 1.79967
_474_, 39.5, 78.88, 1.79967
hold6, 39.5, 78.88, 1.79967
hold7, 39.5, 78.88, 1.79967
FILLER_0_24_70, 39.5, 78.88, 1.79967
_268_, 39.5, 73.44, 1.79972
_283_, 39.5, 73.44, 1.79972
_284_, 39.5, 73.44, 1.79972
hold16, 39.5, 73.44, 1.79972
FILLER_0_24_85, 39.5, 73.44, 1.79972
_265_, 39.5, 68, 1.79969
_405_, 39.5, 68, 1.79969
_472_, 39.5, 68, 1.79969
FILLER_0_20_72, 39.5, 68, 1.79969
_266_, 39.5, 62.56, 1.79963
_401_, 39.5, 62.56, 1.79963
_402_, 39.5, 62.56, 1.79963
_469_, 39.5, 62.56, 1.79963
hold15, 39.5, 62.56, 1.79963
hold18, 39.5, 62.56, 1.79963
FILLER_0_18_65, 39.5, 62.56, 1.79963
_273_, 39.5, 57.12, 1.79969
_277_, 39.5, 57.12, 1.79969
_279_, 39.5, 57.12, 1.79969
FILLER_0_18_81, 39.5, 57.12, 1.79969
FILLER_0_18_85, 39.5, 57.12, 1.79969
_271_, 39.5, 51.68, 1.79968
hold2, 39.5, 51.68, 1.79968
hold3, 39.5, 51.68, 1.79968
FILLER_0_15_63, 39.5, 51.68, 1.79968
FILLER_0_16_79, 39.5, 51.68, 1.79968
_403_, 39.5, 46.24, 1.79965
_470_, 39.5, 46.24, 1.79965
hold23, 39.5, 46.24, 1.79965
FILLER_0_14_81, 39.5, 46.24, 1.79965
_227_, 39.5, 40.8, 1.79961
_400_, 39.5, 40.8, 1.79961
_406_, 39.5, 40.8, 1.79961
hold47, 39.5, 40.8, 1.79961
FILLER_0_11_78, 39.5, 40.8, 1.79961
FILLER_0_12_76, 39.5, 40.8, 1.79961
_224_, 39.5, 35.36, 1.79961
_226_, 39.5, 35.36, 1.79961
_445_, 39.5, 35.36, 1.79961
FILLER_0_9_69, 39.5, 35.36, 1.79961
FILLER_0_10_85, 39.5, 35.36, 1.79961
_376_, 39.5, 29.92, 1.79963
_450_, 39.5, 29.92, 1.79963
hold4, 39.5, 29.92, 1.79963
hold5, 39.5, 29.92, 1.79963
FILLER_0_8_81, 39.5, 29.92, 1.79963
_218_, 39.5, 24.48, 1.79964
_219_, 39.5, 24.48, 1.79964
_373_, 39.5, 24.48, 1.79964
_446_, 39.5, 24.48, 1.79964
FILLER_0_5_75, 39.5, 24.48, 1.79964
FILLER_0_4_76, 39.5, 19.04, 1.79966
FILLER_0_4_85, 39.5, 19.04, 1.79966
FILLER_0_0_81, 39.5, 13.6, 1.79967
FILLER_0_2_77, 39.5, 13.6, 1.79967
input24, 16.845, 100.64, 1.79971
input27, 16.845, 100.64, 1.79971
FILLER_0_32_15, 16.845, 100.64, 1.79971
FILLER_0_32_21, 16.845, 100.64, 1.79971
_251_, 16.845, 95.2, 1.79968
_258_, 16.845, 95.2, 1.79968
_391_, 16.845, 95.2, 1.79968
_461_, 16.845, 95.2, 1.79968
input28, 16.845, 95.2, 1.79968
input29, 16.845, 95.2, 1.79968
FILLER_0_31_15, 16.845, 95.2, 1.79968
FILLER_0_32_33, 16.845, 95.2, 1.79968
_249_, 16.845, 89.76, 1.79965
hold33, 16.845, 89.76, 1.79965
FILLER_0_29_30, 16.845, 89.76, 1.79965
_252_, 16.845, 84.32, 1.7997
_253_, 16.845, 84.32, 1.7997
FILLER_0_26_23, 16.845, 84.32, 1.7997
_396_, 16.845, 78.88, 1.79966
_463_, 16.845, 78.88, 1.79966
FILLER_0_24_19, 16.845, 78.88, 1.79966
FILLER_0_25_25, 16.845, 78.88, 1.79966
FILLER_0_25_33, 16.845, 78.88, 1.79966
_244_, 16.845, 73.44, 1.79968
_245_, 16.845, 73.44, 1.79968
_247_, 16.845, 73.44, 1.79968
hold40, 16.845, 73.44, 1.79968
FILLER_0_22_23, 16.845, 73.44, 1.79968
_466_, 16.845, 68, 1.79966
FILLER_0_21_31, 16.845, 68, 1.79966
_390_, 16.845, 62.56, 1.79962
_458_, 16.845, 62.56, 1.79962
clkbuf_3_2__f_clk, 16.845, 62.56, 1.79962
FILLER_0_18_23, 16.845, 62.56, 1.79962
FILLER_0_20_32, 16.845, 62.56, 1.79962
_233_, 16.845, 57.12, 1.79964
_234_, 16.845, 57.12, 1.79964
_240_, 16.845, 57.12, 1.79964
_455_, 16.845, 57.12, 1.79964
hold11, 16.845, 57.12, 1.79964
FILLER_0_16_21, 16.845, 57.12, 1.79964
_236_, 16.845, 51.68, 1.79967
_242_, 16.845, 51.68, 1.79967
hold10, 16.845, 51.68, 1.79967
_237_, 16.845, 46.24, 1.79963
_241_, 16.845, 46.24, 1.79963
_456_, 16.845, 46.24, 1.79963
hold43, 16.845, 46.24, 1.79963
FILLER_0_12_23, 16.845, 46.24, 1.79963
FILLER_0_13_32, 16.845, 46.24, 1.79963
_230_, 16.845, 40.8, 1.79959
_231_, 16.845, 40.8, 1.79959
_232_, 16.845, 40.8, 1.79959
_452_, 16.845, 40.8, 1.79959
_212_, 16.845, 35.36, 1.79957
_383_, 16.845, 35.36, 1.79957
_449_, 16.845, 35.36, 1.79957
FILLER_0_8_15, 16.845, 35.36, 1.79957
FILLER_0_8_23, 16.845, 35.36, 1.79957
FILLER_0_9_23, 16.845, 35.36, 1.79957
FILLER_0_10_29, 16.845, 35.36, 1.79957
_208_, 16.845, 29.92, 1.79962
_211_, 16.845, 29.92, 1.79962
_213_, 16.845, 29.92, 1.79962
FILLER_0_6_22, 16.845, 29.92, 1.79962
FILLER_0_7_30, 16.845, 29.92, 1.79962
FILLER_0_8_35, 16.845, 29.92, 1.79962
_210_, 16.845, 24.48, 1.79961
_222_, 16.845, 24.48, 1.79961
_448_, 16.845, 24.48, 1.79961
hold29, 16.845, 24.48, 1.79961
FILLER_0_5_15, 16.845, 24.48, 1.79961
FILLER_0_6_29, 16.845, 24.48, 1.79961
_209_, 16.845, 19.04, 1.79964
_374_, 16.845, 19.04, 1.79964
PHY_64, 5.52, 100.64, 1.79971
PHY_65, 96.14, 100.64, 1.79974
input25, 96.14, 100.64, 1.79974
input26, 96.14, 100.64, 1.79974
input30, 28.172, 100.64, 1.79972
input31, 28.172, 100.64, 1.79972
FILLER_0_32_39, 28.172, 100.64, 1.79972
FILLER_0_32_45, 28.172, 100.64, 1.79972
input7, 50.827, 100.64, 1.79974
input8, 50.827, 100.64, 1.79974
FILLER_0_32_93, 50.827, 100.64, 1.79974
_323_, 73.482, 100.64, 1.79975
input15, 73.482, 100.64, 1.79975
input16, 73.482, 100.64, 1.79975
PHY_60, 5.52, 95.2, 1.79967
PHY_62, 5.52, 95.2, 1.79967
input2, 5.52, 95.2, 1.79967
input13, 5.52, 95.2, 1.79967
FILLER_0_32_3, 5.52, 95.2, 1.79967
FILLER_0_32_9, 5.52, 95.2, 1.79967
PHY_61, 96.14, 95.2, 1.79971
PHY_63, 96.14, 95.2, 1.79971
hold50, 96.14, 95.2, 1.79971
FILLER_0_31_189, 96.14, 95.2, 1.79971
_250_, 28.172, 95.2, 1.79968
_256_, 28.172, 95.2, 1.79968
input32, 28.172, 95.2, 1.79968
input33, 28.172, 95.2, 1.79968
FILLER_0_31_57, 28.172, 95.2, 1.79968
FILLER_0_32_51, 28.172, 95.2, 1.79968
_286_, 50.827, 95.2, 1.7997
_293_, 50.827, 95.2, 1.7997
_294_, 50.827, 95.2, 1.7997
input9, 50.827, 95.2, 1.7997
input10, 50.827, 95.2, 1.7997
FILLER_0_31_91, 50.827, 95.2, 1.7997
FILLER_0_31_104, 50.827, 95.2, 1.7997
FILLER_0_32_99, 50.827, 95.2, 1.7997
FILLER_0_32_105, 50.827, 95.2, 1.7997
_322_, 73.482, 95.2, 1.7997
_330_, 73.482, 95.2, 1.7997
input17, 73.482, 95.2, 1.7997
input18, 73.482, 95.2, 1.7997
input19, 73.482, 95.2, 1.7997
hold12, 73.482, 95.2, 1.7997
hold17, 73.482, 95.2, 1.7997
FILLER_0_30_137, 73.482, 95.2, 1.7997
FILLER_0_32_159, 73.482, 95.2, 1.7997
_394_, 5.52, 89.76, 1.79961
_459_, 5.52, 89.76, 1.79961
_462_, 5.52, 89.76, 1.79961
PHY_56, 5.52, 89.76, 1.79961
PHY_58, 5.52, 89.76, 1.79961
_328_, 96.14, 89.76, 1.79971
PHY_57, 96.14, 89.76, 1.79971
PHY_59, 96.14, 89.76, 1.79971
FILLER_0_28_190, 96.14, 89.76, 1.79971
_254_, 28.172, 89.76, 1.79964
_257_, 28.172, 89.76, 1.79964
_393_, 28.172, 89.76, 1.79964
_464_, 28.172, 89.76, 1.79964
hold38, 28.172, 89.76, 1.79964
hold39, 28.172, 89.76, 1.79964
FILLER_0_28_41, 28.172, 89.76, 1.79964
FILLER_0_29_42, 28.172, 89.76, 1.79964
_292_, 50.827, 89.76, 1.79966
_407_, 50.827, 89.76, 1.79966
_475_, 50.827, 89.76, 1.79966
_476_, 50.827, 89.76, 1.79966
hold13, 50.827, 89.76, 1.79966
FILLER_0_29_93, 50.827, 89.76, 1.79966
_331_, 73.482, 89.76, 1.7997
_490_, 73.482, 89.76, 1.7997
FILLER_0_29_147, 73.482, 89.76, 1.7997
FILLER_0_29_158, 73.482, 89.76, 1.7997
_392_, 5.52, 84.32, 1.7997
PHY_52, 5.52, 84.32, 1.7997
PHY_54, 5.52, 84.32, 1.7997
input34, 5.52, 84.32, 1.7997
FILLER_0_27_6, 5.52, 84.32, 1.7997
PHY_53, 96.14, 84.32, 1.79973
PHY_55, 96.14, 84.32, 1.79973
hold48, 96.14, 84.32, 1.79973
_261_, 28.172, 84.32, 1.7997
_262_, 28.172, 84.32, 1.7997
_263_, 28.172, 84.32, 1.7997
hold37, 28.172, 84.32, 1.7997
_409_, 50.827, 84.32, 1.79972
FILLER_0_26_93, 50.827, 84.32, 1.79972
FILLER_0_27_106, 50.827, 84.32, 1.79972
_335_, 73.482, 84.32, 1.79972
_336_, 73.482, 84.32, 1.79972
_423_, 73.482, 84.32, 1.79972
_488_, 73.482, 84.32, 1.79972
FILLER_0_28_153, 73.482, 84.32, 1.79972
_206_, 5.52, 78.88, 1.79963
_460_, 5.52, 78.88, 1.79963
PHY_48, 5.52, 78.88, 1.79963
PHY_50, 5.52, 78.88, 1.79963
FILLER_0_25_3, 5.52, 78.88, 1.79963
_332_, 96.14, 78.88, 1.79973
PHY_49, 96.14, 78.88, 1.79973
PHY_51, 96.14, 78.88, 1.79973
FILLER_0_24_191, 96.14, 78.88, 1.79973
_259_, 28.172, 78.88, 1.79965
_260_, 28.172, 78.88, 1.79965
_397_, 28.172, 78.88, 1.79965
_471_, 28.172, 78.88, 1.79965
FILLER_0_25_51, 28.172, 78.88, 1.79965
FILLER_0_26_61, 28.172, 78.88, 1.79965
_300_, 50.827, 78.88, 1.79965
_408_, 50.827, 78.88, 1.79965
clkbuf_3_6__f_clk, 50.827, 78.88, 1.79965
FILLER_0_24_97, 50.827, 78.88, 1.79965
_298_, 73.482, 78.88, 1.79972
_334_, 73.482, 78.88, 1.79972
_420_, 73.482, 78.88, 1.79972
hold46, 73.482, 78.88, 1.79972
FILLER_0_24_141, 73.482, 78.88, 1.79972
FILLER_0_25_160, 73.482, 78.88, 1.79972
FILLER_0_26_153, 73.482, 78.88, 1.79972
_243_, 5.52, 73.44, 1.79965
_457_, 5.52, 73.44, 1.79965
PHY_44, 5.52, 73.44, 1.79965
PHY_46, 5.52, 73.44, 1.79965
FILLER_0_24_3, 5.52, 73.44, 1.79965
PHY_45, 96.14, 73.44, 1.79977
PHY_47, 96.14, 73.44, 1.79977
_269_, 28.172, 73.44, 1.7997
_399_, 28.172, 73.44, 1.7997
FILLER_0_23_52, 28.172, 73.44, 1.7997
FILLER_0_24_61, 28.172, 73.44, 1.7997
_297_, 50.827, 73.44, 1.79973
_299_, 50.827, 73.44, 1.79973
_477_, 50.827, 73.44, 1.79973
FILLER_0_22_89, 50.827, 73.44, 1.79973
FILLER_0_23_91, 50.827, 73.44, 1.79973
FILLER_0_23_99, 50.827, 73.44, 1.79973
FILLER_0_23_109, 50.827, 73.44, 1.79973
FILLER_0_24_105, 50.827, 73.44, 1.79973
_317_, 73.482, 73.44, 1.79976
_318_, 73.482, 73.44, 1.79976
_320_, 73.482, 73.44, 1.79976
_429_, 73.482, 73.44, 1.79976
FILLER_0_22_141, 73.482, 73.44, 1.79976
_248_, 5.52, 68, 1.79965
_389_, 5.52, 68, 1.79965
PHY_40, 5.52, 68, 1.79965
PHY_42, 5.52, 68, 1.79965
FILLER_0_21_3, 5.52, 68, 1.79965
FILLER_0_22_3, 5.52, 68, 1.79965
_430_, 96.14, 68, 1.79976
PHY_41, 96.14, 68, 1.79976
PHY_43, 96.14, 68, 1.79976
FILLER_0_20_188, 96.14, 68, 1.79976
FILLER_0_21_191, 96.14, 68, 1.79976
_238_, 28.172, 68, 1.79962
_246_, 28.172, 68, 1.79962
_267_, 28.172, 68, 1.79962
_398_, 28.172, 68, 1.79962
_465_, 28.172, 68, 1.79962
clkbuf_3_3__f_clk, 28.172, 68, 1.79962
FILLER_0_21_43, 28.172, 68, 1.79962
FILLER_0_22_52, 28.172, 68, 1.79962
_276_, 50.827, 68, 1.79972
_411_, 50.827, 68, 1.79972
hold41, 50.827, 68, 1.79972
FILLER_0_21_98, 50.827, 68, 1.79972
FILLER_0_21_109, 50.827, 68, 1.79972
_339_, 73.482, 68, 1.79974
_421_, 73.482, 68, 1.79974
_493_, 73.482, 68, 1.79974
FILLER_0_20_137, 73.482, 68, 1.79974
FILLER_0_21_151, 73.482, 68, 1.79974
PHY_36, 5.52, 62.56, 1.79962
PHY_38, 5.52, 62.56, 1.79962
_432_, 96.14, 62.56, 1.79971
PHY_37, 96.14, 62.56, 1.79971
PHY_39, 96.14, 62.56, 1.79971
FILLER_0_18_190, 96.14, 62.56, 1.79971
_275_, 50.827, 62.56, 1.79956
_305_, 50.827, 62.56, 1.79956
_480_, 50.827, 62.56, 1.79956
clkbuf_0_clk, 50.827, 62.56, 1.79956
FILLER_0_19_109, 50.827, 62.56, 1.79956
FILLER_0_20_101, 50.827, 62.56, 1.79956
_344_, 73.482, 62.56, 1.79967
_495_, 73.482, 62.56, 1.79967
FILLER_0_19_149, 73.482, 62.56, 1.79967
_235_, 5.52, 57.12, 1.79962
_385_, 5.52, 57.12, 1.79962
_453_, 5.52, 57.12, 1.79962
PHY_32, 5.52, 57.12, 1.79962
PHY_34, 5.52, 57.12, 1.79962
FILLER_0_17_3, 5.52, 57.12, 1.79962
PHY_33, 96.14, 57.12, 1.79973
PHY_35, 96.14, 57.12, 1.79973
hold44, 96.14, 57.12, 1.79973
FILLER_0_17_188, 96.14, 57.12, 1.79973
_239_, 28.172, 57.12, 1.79965
_387_, 28.172, 57.12, 1.79965
_468_, 28.172, 57.12, 1.79965
hold27, 28.172, 57.12, 1.79965
hold28, 28.172, 57.12, 1.79965
_278_, 50.827, 57.12, 1.79971
_304_, 50.827, 57.12, 1.79971
FILLER_0_16_97, 50.827, 57.12, 1.79971
FILLER_0_17_107, 50.827, 57.12, 1.79971
_311_, 73.482, 57.12, 1.79972
_343_, 73.482, 57.12, 1.79972
_431_, 73.482, 57.12, 1.79972
FILLER_0_16_136, 73.482, 57.12, 1.79972
FILLER_0_17_145, 73.482, 57.12, 1.79972
PHY_28, 5.52, 51.68, 1.79967
PHY_30, 5.52, 51.68, 1.79967
_348_, 96.14, 51.68, 1.7997
PHY_29, 96.14, 51.68, 1.7997
PHY_31, 96.14, 51.68, 1.7997
FILLER_0_14_189, 96.14, 51.68, 1.7997
_274_, 28.172, 51.68, 1.79967
_384_, 28.172, 51.68, 1.79967
_388_, 28.172, 51.68, 1.79967
FILLER_0_15_47, 28.172, 51.68, 1.79967
FILLER_0_16_53, 28.172, 51.68, 1.79967
_303_, 50.827, 51.68, 1.79968
_413_, 50.827, 51.68, 1.79968
_479_, 50.827, 51.68, 1.79968
FILLER_0_16_108, 50.827, 51.68, 1.79968
_350_, 73.482, 51.68, 1.79969
_351_, 73.482, 51.68, 1.79969
_498_, 73.482, 51.68, 1.79969
FILLER_0_14_141, 73.482, 51.68, 1.79969
FILLER_0_15_141, 73.482, 51.68, 1.79969
FILLER_0_15_159, 73.482, 51.68, 1.79969
_386_, 5.52, 46.24, 1.79961
_454_, 5.52, 46.24, 1.79961
PHY_24, 5.52, 46.24, 1.79961
PHY_26, 5.52, 46.24, 1.79961
FILLER_0_13_3, 5.52, 46.24, 1.79961
_436_, 96.14, 46.24, 1.79969
PHY_25, 96.14, 46.24, 1.79969
PHY_27, 96.14, 46.24, 1.79969
FILLER_0_12_189, 96.14, 46.24, 1.79969
_207_, 28.172, 46.24, 1.79963
_270_, 28.172, 46.24, 1.79963
_272_, 28.172, 46.24, 1.79963
_395_, 28.172, 46.24, 1.79963
FILLER_0_13_45, 28.172, 46.24, 1.79963
FILLER_0_14_53, 28.172, 46.24, 1.79963
_301_, 50.827, 46.24, 1.79966
_309_, 50.827, 46.24, 1.79966
FILLER_0_13_106, 50.827, 46.24, 1.79966
_307_, 73.482, 46.24, 1.79968
_417_, 73.482, 46.24, 1.79968
_419_, 73.482, 46.24, 1.79968
_228_, 5.52, 40.8, 1.79957
PHY_20, 5.52, 40.8, 1.79957
PHY_22, 5.52, 40.8, 1.79957
hold42, 5.52, 40.8, 1.79957
FILLER_0_11_3, 5.52, 40.8, 1.79957
FILLER_0_12_3, 5.52, 40.8, 1.79957
PHY_21, 96.14, 40.8, 1.79965
PHY_23, 96.14, 40.8, 1.79965
hold51, 96.14, 40.8, 1.79965
FILLER_0_11_189, 96.14, 40.8, 1.79965
_225_, 28.172, 40.8, 1.79955
_467_, 28.172, 40.8, 1.79955
clkbuf_3_1__f_clk, 28.172, 40.8, 1.79955
FILLER_0_11_57, 28.172, 40.8, 1.79955
FILLER_0_12_53, 28.172, 40.8, 1.79955
_310_, 50.827, 40.8, 1.7996
_416_, 50.827, 40.8, 1.7996
_482_, 50.827, 40.8, 1.7996
hold1, 50.827, 40.8, 1.7996
FILLER_0_11_107, 50.827, 40.8, 1.7996
_356_, 73.482, 40.8, 1.79963
_428_, 73.482, 40.8, 1.79963
hold30, 73.482, 40.8, 1.79963
FILLER_0_12_149, 73.482, 40.8, 1.79963
_229_, 5.52, 35.36, 1.79947
_451_, 5.52, 35.36, 1.79947
PHY_16, 5.52, 35.36, 1.79947
PHY_18, 5.52, 35.36, 1.79947
clkbuf_3_0__f_clk, 5.52, 35.36, 1.79947
_353_, 96.14, 35.36, 1.79967
PHY_17, 96.14, 35.36, 1.79967
PHY_19, 96.14, 35.36, 1.79967
_223_, 28.172, 35.36, 1.79958
_380_, 28.172, 35.36, 1.79958
FILLER_0_9_53, 28.172, 35.36, 1.79958
_214_, 50.827, 35.36, 1.79959
_215_, 50.827, 35.36, 1.79959
_216_, 50.827, 35.36, 1.79959
clkbuf_3_4__f_clk, 50.827, 35.36, 1.79959
FILLER_0_9_104, 50.827, 35.36, 1.79959
_355_, 73.482, 35.36, 1.79965
_362_, 73.482, 35.36, 1.79965
_364_, 73.482, 35.36, 1.79965
_365_, 73.482, 35.36, 1.79965
hold32, 73.482, 35.36, 1.79965
hold53, 73.482, 35.36, 1.79965
FILLER_0_9_137, 73.482, 35.36, 1.79965
_382_, 5.52, 29.92, 1.7996
_444_, 5.52, 29.92, 1.7996
PHY_12, 5.52, 29.92, 1.7996
PHY_14, 5.52, 29.92, 1.7996
FILLER_0_8_3, 5.52, 29.92, 1.7996
_438_, 96.14, 29.92, 1.79966
PHY_13, 96.14, 29.92, 1.79966
PHY_15, 96.14, 29.92, 1.79966
FILLER_0_6_189, 96.14, 29.92, 1.79966
_220_, 28.172, 29.92, 1.79961
_221_, 28.172, 29.92, 1.79961
_447_, 28.172, 29.92, 1.79961
FILLER_0_7_52, 28.172, 29.92, 1.79961
FILLER_0_7_57, 28.172, 29.92, 1.79961
_217_, 50.827, 29.92, 1.79963
_381_, 50.827, 29.92, 1.79963
_441_, 50.827, 29.92, 1.79963
_505_, 50.827, 29.92, 1.79963
FILLER_0_7_96, 50.827, 29.92, 1.79963
FILLER_0_7_106, 50.827, 29.92, 1.79963
FILLER_0_8_106, 50.827, 29.92, 1.79963
_359_, 73.482, 29.92, 1.79964
_366_, 73.482, 29.92, 1.79964
_437_, 73.482, 29.92, 1.79964
_501_, 73.482, 29.92, 1.79964
FILLER_0_7_140, 73.482, 29.92, 1.79964
_375_, 5.52, 24.48, 1.79959
PHY_8, 5.52, 24.48, 1.79959
PHY_10, 5.52, 24.48, 1.79959
output35, 5.52, 24.48, 1.79959
FILLER_0_6_9, 5.52, 24.48, 1.79959
PHY_9, 96.14, 24.48, 1.79968
PHY_11, 96.14, 24.48, 1.79968
FILLER_0_4_190, 96.14, 24.48, 1.79968
_378_, 28.172, 24.48, 1.79962
_379_, 28.172, 24.48, 1.79962
FILLER_0_5_57, 28.172, 24.48, 1.79962
_377_, 50.827, 24.48, 1.79965
FILLER_0_5_105, 50.827, 24.48, 1.79965
_357_, 73.482, 24.48, 1.79966
_504_, 73.482, 24.48, 1.79966
FILLER_0_4_141, 73.482, 24.48, 1.79966
FILLER_0_6_153, 73.482, 24.48, 1.79966
_443_, 5.52, 19.04, 1.79962
PHY_4, 5.52, 19.04, 1.79962
PHY_6, 5.52, 19.04, 1.79962
FILLER_0_4_3, 5.52, 19.04, 1.79962
PHY_5, 96.14, 19.04, 1.79969
PHY_7, 96.14, 19.04, 1.79969
FILLER_0_2_189, 96.14, 19.04, 1.79969
FILLER_0_3_105, 50.827, 19.04, 1.79967
_372_, 73.482, 19.04, 1.79968
_440_, 73.482, 19.04, 1.79968
PHY_0, 5.52, 13.6, 1.79966
PHY_2, 5.52, 13.6, 1.79966
PHY_1, 96.14, 13.6, 1.79969
PHY_3, 96.14, 13.6, 1.79969
FILLER_0_0_53, 28.172, 13.6, 1.79966
FILLER_0_1_51, 28.172, 13.6, 1.79966
FILLER_0_0_109, 50.827, 13.6, 1.79968
FILLER_0_1_105, 50.827, 13.6, 1.79968
input1, 73.482, 13.6, 1.79969
FILLER_0_0_137, 73.482, 13.6, 1.79969
FILLER_0_0_157, 73.482, 13.6, 1.79969

