Instance name,  X location,  Y location,  Voltage 
_329_, 88.11, 97.92, 0.000368534
_489_, 88.11, 97.92, 0.000368534
input21, 88.11, 97.92, 0.000368534
input22, 88.11, 97.92, 0.000368534
input23, 88.11, 97.92, 0.000368534
input25, 88.11, 97.92, 0.000368534
_327_, 88.11, 92.48, 0.000375223
_424_, 88.11, 92.48, 0.000375223
_425_, 88.11, 92.48, 0.000375223
hold50, 88.11, 92.48, 0.000375223
FILLER_0_30_173, 88.11, 92.48, 0.000375223
_427_, 88.11, 87.04, 0.000356275
_492_, 88.11, 87.04, 0.000356275
FILLER_0_27_169, 88.11, 87.04, 0.000356275
FILLER_0_29_181, 88.11, 87.04, 0.000356275
_426_, 88.11, 81.6, 0.000359686
hold48, 88.11, 81.6, 0.000359686
FILLER_0_25_169, 88.11, 81.6, 0.000359686
_332_, 88.11, 76.16, 0.000349487
_333_, 88.11, 76.16, 0.000349487
_337_, 88.11, 76.16, 0.000349487
FILLER_0_23_169, 88.11, 76.16, 0.000349487
FILLER_0_24_183, 88.11, 76.16, 0.000349487
_494_, 88.11, 70.72, 0.000351047
hold45, 88.11, 70.72, 0.000351047
FILLER_0_21_169, 88.11, 70.72, 0.000351047
FILLER_0_22_171, 88.11, 70.72, 0.000351047
_338_, 88.11, 65.28, 0.000345893
_341_, 88.11, 65.28, 0.000345893
_430_, 88.11, 65.28, 0.000345893
_496_, 88.11, 65.28, 0.000345893
FILLER_0_19_169, 88.11, 65.28, 0.000345893
FILLER_0_20_188, 88.11, 65.28, 0.000345893
_342_, 88.11, 59.84, 0.000329645
_346_, 88.11, 59.84, 0.000329645
_432_, 88.11, 59.84, 0.000329645
hold20, 88.11, 59.84, 0.000329645
_497_, 88.11, 54.4, 0.000296734
hold44, 88.11, 54.4, 0.000296734
FILLER_0_16_177, 88.11, 54.4, 0.000296734
FILLER_0_17_188, 88.11, 54.4, 0.000296734
_347_, 88.11, 48.96, 0.000295463
_349_, 88.11, 48.96, 0.000295463
_433_, 88.11, 48.96, 0.000295463
_500_, 88.11, 48.96, 0.000295463
FILLER_0_14_175, 88.11, 48.96, 0.000295463
_499_, 88.11, 43.52, 0.000272935
_352_, 88.11, 38.08, 0.000302033
_360_, 88.11, 38.08, 0.000302033
_435_, 88.11, 38.08, 0.000302033
hold51, 88.11, 38.08, 0.000302033
_358_, 88.11, 32.64, 0.000292063
_502_, 88.11, 32.64, 0.000292063
hold34, 88.11, 32.64, 0.000292063
hold35, 88.11, 32.64, 0.000292063
FILLER_0_8_184, 88.11, 32.64, 0.000292063
FILLER_0_9_184, 88.11, 32.64, 0.000292063
_361_, 88.11, 27.2, 0.000270518
_438_, 88.11, 27.2, 0.000270518
FILLER_0_6_175, 88.11, 27.2, 0.000270518
FILLER_0_6_183, 88.11, 27.2, 0.000270518
_323_, 65.455, 97.92, 0.000363975
_422_, 65.455, 97.92, 0.000363975
_487_, 65.455, 97.92, 0.000363975
input12, 65.455, 97.92, 0.000363975
input14, 65.455, 97.92, 0.000363975
input15, 65.455, 97.92, 0.000363975
FILLER_0_32_123, 65.455, 97.92, 0.000363975
FILLER_0_32_129, 65.455, 97.92, 0.000363975
_322_, 65.455, 92.48, 0.00038179
_324_, 65.455, 92.48, 0.00038179
FILLER_0_29_125, 65.455, 92.48, 0.00038179
FILLER_0_30_120, 65.455, 92.48, 0.00038179
FILLER_0_30_137, 65.455, 92.48, 0.00038179
_290_, 65.455, 87.04, 0.000364335
_291_, 65.455, 87.04, 0.000364335
_325_, 65.455, 87.04, 0.000364335
_326_, 65.455, 87.04, 0.000364335
hold36, 65.455, 87.04, 0.000364335
FILLER_0_27_130, 65.455, 87.04, 0.000364335
FILLER_0_28_118, 65.455, 87.04, 0.000364335
_488_, 65.455, 81.6, 0.000382719
FILLER_0_26_133, 65.455, 81.6, 0.000382719
_319_, 65.455, 76.16, 0.000353623
_420_, 65.455, 76.16, 0.000353623
_485_, 65.455, 76.16, 0.000353623
FILLER_0_23_121, 65.455, 76.16, 0.000353623
FILLER_0_24_141, 65.455, 76.16, 0.000353623
FILLER_0_25_133, 65.455, 76.16, 0.000353623
_295_, 65.455, 70.72, 0.000362442
_317_, 65.455, 70.72, 0.000362442
_320_, 65.455, 70.72, 0.000362442
_321_, 65.455, 70.72, 0.000362442
_486_, 65.455, 70.72, 0.000362442
FILLER_0_21_118, 65.455, 70.72, 0.000362442
FILLER_0_22_141, 65.455, 70.72, 0.000362442
clkbuf_3_7__f_clk, 65.455, 65.28, 0.000373941
FILLER_0_19_118, 65.455, 65.28, 0.000373941
FILLER_0_19_126, 65.455, 65.28, 0.000373941
FILLER_0_20_137, 65.455, 65.28, 0.000373941
_312_, 65.455, 59.84, 0.000333481
_483_, 65.455, 59.84, 0.000333481
hold24, 65.455, 59.84, 0.000333481
FILLER_0_18_124, 65.455, 59.84, 0.000333481
_311_, 65.455, 54.4, 0.000281196
_313_, 65.455, 54.4, 0.000281196
_314_, 65.455, 54.4, 0.000281196
_315_, 65.455, 54.4, 0.000281196
_418_, 65.455, 54.4, 0.000281196
FILLER_0_15_118, 65.455, 54.4, 0.000281196
FILLER_0_16_136, 65.455, 54.4, 0.000281196
_264_, 65.455, 48.96, 0.000281156
_308_, 65.455, 48.96, 0.000281156
_484_, 65.455, 48.96, 0.000281156
hold25, 65.455, 48.96, 0.000281156
FILLER_0_14_126, 65.455, 48.96, 0.000281156
FILLER_0_14_141, 65.455, 48.96, 0.000281156
FILLER_0_15_141, 65.455, 48.96, 0.000281156
_306_, 65.455, 43.52, 0.000259046
_307_, 65.455, 43.52, 0.000259046
hold26, 65.455, 43.52, 0.000259046
_363_, 65.455, 38.08, 0.000342961
_415_, 65.455, 38.08, 0.000342961
clkbuf_3_5__f_clk, 65.455, 38.08, 0.000342961
hold30, 65.455, 38.08, 0.000342961
FILLER_0_10_124, 65.455, 38.08, 0.000342961
FILLER_0_10_132, 65.455, 38.08, 0.000342961
_370_, 65.455, 32.64, 0.00027693
_439_, 65.455, 32.64, 0.00027693
hold9, 65.455, 32.64, 0.00027693
hold32, 65.455, 32.64, 0.00027693
hold53, 65.455, 32.64, 0.00027693
FILLER_0_8_122, 65.455, 32.64, 0.00027693
FILLER_0_8_130, 65.455, 32.64, 0.00027693
FILLER_0_9_137, 65.455, 32.64, 0.00027693
_368_, 65.455, 27.2, 0.000277677
_371_, 65.455, 27.2, 0.000277677
_506_, 65.455, 27.2, 0.000277677
FILLER_0_6_134, 65.455, 27.2, 0.000277677
FILLER_0_7_140, 65.455, 27.2, 0.000277677
_442_, 65.455, 21.76, 0.000266548
_504_, 65.455, 21.76, 0.000266548
FILLER_0_4_129, 65.455, 21.76, 0.000266548
FILLER_0_4_135, 65.455, 21.76, 0.000266548
FILLER_0_4_141, 65.455, 21.76, 0.000266548
FILLER_0_2_133, 65.455, 16.32, 0.000250416
FILLER_0_0_137, 65.455, 10.88, 0.000250529
input4, 42.8, 97.92, 0.000348716
input5, 42.8, 97.92, 0.000348716
input6, 42.8, 97.92, 0.000348716
input7, 42.8, 97.92, 0.000348716
FILLER_0_32_69, 42.8, 97.92, 0.000348716
FILLER_0_32_75, 42.8, 97.92, 0.000348716
FILLER_0_32_81, 42.8, 97.92, 0.000348716
FILLER_0_32_93, 42.8, 97.92, 0.000348716
_285_, 42.8, 92.48, 0.000387984
_286_, 42.8, 92.48, 0.000387984
_287_, 42.8, 92.48, 0.000387984
_289_, 42.8, 92.48, 0.000387984
hold14, 42.8, 92.48, 0.000387984
FILLER_0_30_73, 42.8, 92.48, 0.000387984
FILLER_0_31_91, 42.8, 92.48, 0.000387984
_280_, 42.8, 87.04, 0.000365857
_288_, 42.8, 87.04, 0.000365857
_407_, 42.8, 87.04, 0.000365857
FILLER_0_27_69, 42.8, 87.04, 0.000365857
FILLER_0_28_79, 42.8, 87.04, 0.000365857
FILLER_0_29_93, 42.8, 87.04, 0.000365857
_281_, 42.8, 81.6, 0.000375964
hold6, 42.8, 81.6, 0.000375964
hold7, 42.8, 81.6, 0.000375964
FILLER_0_26_93, 42.8, 81.6, 0.000375964
_283_, 42.8, 76.16, 0.000350925
_284_, 42.8, 76.16, 0.000350925
_474_, 42.8, 76.16, 0.000350925
FILLER_0_24_70, 42.8, 76.16, 0.000350925
FILLER_0_24_85, 42.8, 76.16, 0.000350925
_405_, 42.8, 70.72, 0.000347953
_472_, 42.8, 70.72, 0.000347953
FILLER_0_22_89, 42.8, 70.72, 0.000347953
FILLER_0_23_91, 42.8, 70.72, 0.000347953
_266_, 42.8, 65.28, 0.000363148
_276_, 42.8, 65.28, 0.000363148
_402_, 42.8, 65.28, 0.000363148
_469_, 42.8, 65.28, 0.000363148
hold18, 42.8, 65.28, 0.000363148
hold41, 42.8, 65.28, 0.000363148
FILLER_0_20_72, 42.8, 65.28, 0.000363148
_279_, 42.8, 59.84, 0.000377003
clkbuf_0_clk, 42.8, 59.84, 0.000377003
hold15, 42.8, 59.84, 0.000377003
FILLER_0_18_81, 42.8, 59.84, 0.000377003
FILLER_0_18_85, 42.8, 59.84, 0.000377003
_271_, 42.8, 54.4, 0.000252557
_277_, 42.8, 54.4, 0.000252557
_278_, 42.8, 54.4, 0.000252557
FILLER_0_16_79, 42.8, 54.4, 0.000252557
_403_, 42.8, 48.96, 0.000251174
_470_, 42.8, 48.96, 0.000251174
_479_, 42.8, 48.96, 0.000251174
hold2, 42.8, 48.96, 0.000251174
FILLER_0_14_81, 42.8, 48.96, 0.000251174
_406_, 42.8, 43.52, 0.000231324
FILLER_0_11_78, 42.8, 43.52, 0.000231324
FILLER_0_12_76, 42.8, 43.52, 0.000231324
_226_, 42.8, 38.08, 0.000330515
_227_, 42.8, 38.08, 0.000330515
_416_, 42.8, 38.08, 0.000330515
_445_, 42.8, 38.08, 0.000330515
_482_, 42.8, 38.08, 0.000330515
hold1, 42.8, 38.08, 0.000330515
FILLER_0_9_69, 42.8, 38.08, 0.000330515
FILLER_0_10_85, 42.8, 38.08, 0.000330515
_216_, 42.8, 32.64, 0.000253671
_376_, 42.8, 32.64, 0.000253671
FILLER_0_8_81, 42.8, 32.64, 0.000253671
_217_, 42.8, 27.2, 0.000293972
_218_, 42.8, 27.2, 0.000293972
_219_, 42.8, 27.2, 0.000293972
_373_, 42.8, 27.2, 0.000293972
_381_, 42.8, 27.2, 0.000293972
_505_, 42.8, 27.2, 0.000293972
hold4, 42.8, 27.2, 0.000293972
hold5, 42.8, 27.2, 0.000293972
FILLER_0_5_75, 42.8, 27.2, 0.000293972
_377_, 42.8, 21.76, 0.000260333
_446_, 42.8, 21.76, 0.000260333
FILLER_0_4_76, 42.8, 21.76, 0.000260333
FILLER_0_4_85, 42.8, 21.76, 0.000260333
FILLER_0_2_77, 42.8, 16.32, 0.000241055
FILLER_0_0_81, 42.8, 10.88, 0.000241264
_258_, 20.145, 97.92, 0.000351222
_391_, 20.145, 97.92, 0.000351222
input27, 20.145, 97.92, 0.000351222
input28, 20.145, 97.92, 0.000351222
input29, 20.145, 97.92, 0.000351222
input30, 20.145, 97.92, 0.000351222
FILLER_0_32_33, 20.145, 97.92, 0.000351222
FILLER_0_32_39, 20.145, 97.92, 0.000351222
_250_, 20.145, 92.48, 0.000397955
_256_, 20.145, 92.48, 0.000397955
_461_, 20.145, 92.48, 0.000397955
hold33, 20.145, 92.48, 0.000397955
FILLER_0_29_30, 20.145, 92.48, 0.000397955
_257_, 20.145, 87.04, 0.000379391
FILLER_0_28_41, 20.145, 87.04, 0.000379391
FILLER_0_29_42, 20.145, 87.04, 0.000379391
_261_, 20.145, 81.6, 0.000374545
_463_, 20.145, 81.6, 0.000374545
FILLER_0_25_25, 20.145, 81.6, 0.000374545
_259_, 20.145, 76.16, 0.00035249
_396_, 20.145, 76.16, 0.00035249
hold40, 20.145, 76.16, 0.00035249
FILLER_0_25_33, 20.145, 76.16, 0.00035249
_466_, 20.145, 70.72, 0.000361046
FILLER_0_21_31, 20.145, 70.72, 0.000361046
_238_, 20.145, 65.28, 0.000351988
_246_, 20.145, 65.28, 0.000351988
_390_, 20.145, 65.28, 0.000351988
FILLER_0_20_32, 20.145, 65.28, 0.000351988
FILLER_0_21_43, 20.145, 65.28, 0.000351988
_233_, 20.145, 59.84, 0.000405961
_455_, 20.145, 59.84, 0.000405961
_458_, 20.145, 59.84, 0.000405961
_240_, 20.145, 54.4, 0.00027151
_242_, 20.145, 54.4, 0.00027151
hold28, 20.145, 54.4, 0.00027151
_241_, 20.145, 48.96, 0.000272745
_388_, 20.145, 48.96, 0.000272745
_456_, 20.145, 48.96, 0.000272745
hold10, 20.145, 48.96, 0.000272745
_207_, 20.145, 43.52, 0.000257446
_231_, 20.145, 43.52, 0.000257446
_232_, 20.145, 43.52, 0.000257446
FILLER_0_13_32, 20.145, 43.52, 0.000257446
_225_, 20.145, 38.08, 0.000361085
_383_, 20.145, 38.08, 0.000361085
_452_, 20.145, 38.08, 0.000361085
FILLER_0_10_29, 20.145, 38.08, 0.000361085
_208_, 20.145, 32.64, 0.000280059
_380_, 20.145, 32.64, 0.000280059
_449_, 20.145, 32.64, 0.000280059
FILLER_0_7_30, 20.145, 32.64, 0.000280059
FILLER_0_8_35, 20.145, 32.64, 0.000280059
_220_, 20.145, 27.2, 0.000319152
_221_, 20.145, 27.2, 0.000319152
_222_, 20.145, 27.2, 0.000319152
hold29, 20.145, 27.2, 0.000319152
FILLER_0_6_29, 20.145, 27.2, 0.000319152
_209_, 20.145, 21.76, 0.00028721
_448_, 20.145, 21.76, 0.00028721
PHY_62, 5.52, 97.92, 0.000353846
PHY_64, 5.52, 97.92, 0.000353846
input2, 5.52, 97.92, 0.000353846
FILLER_0_32_3, 5.52, 97.92, 0.000353846
PHY_63, 96.14, 97.92, 0.000369347
PHY_65, 96.14, 97.92, 0.000369347
input26, 96.14, 97.92, 0.000369347
FILLER_0_31_189, 96.14, 97.92, 0.000369347
input13, 12.832, 97.92, 0.000353251
input24, 12.832, 97.92, 0.000353251
FILLER_0_31_15, 12.832, 97.92, 0.000353251
FILLER_0_32_9, 12.832, 97.92, 0.000353251
FILLER_0_32_15, 12.832, 97.92, 0.000353251
FILLER_0_32_21, 12.832, 97.92, 0.000353251
input3, 31.472, 97.92, 0.000351271
input31, 31.472, 97.92, 0.000351271
input32, 31.472, 97.92, 0.000351271
input33, 31.472, 97.92, 0.000351271
FILLER_0_32_45, 31.472, 97.92, 0.000351271
FILLER_0_32_51, 31.472, 97.92, 0.000351271
FILLER_0_32_63, 31.472, 97.92, 0.000351271
_293_, 54.127, 97.92, 0.000361095
_294_, 54.127, 97.92, 0.000361095
input8, 54.127, 97.92, 0.000361095
input9, 54.127, 97.92, 0.000361095
input10, 54.127, 97.92, 0.000361095
input11, 54.127, 97.92, 0.000361095
FILLER_0_31_104, 54.127, 97.92, 0.000361095
FILLER_0_32_99, 54.127, 97.92, 0.000361095
FILLER_0_32_105, 54.127, 97.92, 0.000361095
FILLER_0_32_117, 54.127, 97.92, 0.000361095
_330_, 76.782, 97.92, 0.000372806
input16, 76.782, 97.92, 0.000372806
input17, 76.782, 97.92, 0.000372806
input18, 76.782, 97.92, 0.000372806
input19, 76.782, 97.92, 0.000372806
input20, 76.782, 97.92, 0.000372806
hold12, 76.782, 97.92, 0.000372806
FILLER_0_32_159, 76.782, 97.92, 0.000372806
FILLER_0_32_165, 76.782, 97.92, 0.000372806
_394_, 5.52, 92.48, 0.000413512
PHY_58, 5.52, 92.48, 0.000413512
PHY_60, 5.52, 92.48, 0.000413512
_328_, 96.14, 92.48, 0.000377091
PHY_59, 96.14, 92.48, 0.000377091
PHY_61, 96.14, 92.48, 0.000377091
_251_, 12.832, 92.48, 0.000413317
_459_, 12.832, 92.48, 0.000413317
_255_, 31.472, 92.48, 0.000409174
_393_, 31.472, 92.48, 0.000409174
_473_, 31.472, 92.48, 0.000409174
hold38, 31.472, 92.48, 0.000409174
hold39, 31.472, 92.48, 0.000409174
FILLER_0_31_57, 31.472, 92.48, 0.000409174
_292_, 54.127, 92.48, 0.00040237
_410_, 54.127, 92.48, 0.00040237
_476_, 54.127, 92.48, 0.00040237
hold13, 54.127, 92.48, 0.00040237
FILLER_0_31_116, 54.127, 92.48, 0.00040237
_331_, 76.782, 92.48, 0.000396588
_490_, 76.782, 92.48, 0.000396588
hold17, 76.782, 92.48, 0.000396588
FILLER_0_29_147, 76.782, 92.48, 0.000396588
FILLER_0_31_165, 76.782, 92.48, 0.000396588
_462_, 5.52, 87.04, 0.000418127
PHY_54, 5.52, 87.04, 0.000418127
PHY_56, 5.52, 87.04, 0.000418127
PHY_55, 96.14, 87.04, 0.000356275
PHY_57, 96.14, 87.04, 0.000356275
FILLER_0_28_190, 96.14, 87.04, 0.000356275
_249_, 12.832, 87.04, 0.00040423
_253_, 12.832, 87.04, 0.00040423
_392_, 12.832, 87.04, 0.00040423
_254_, 31.472, 87.04, 0.000391567
_262_, 31.472, 87.04, 0.000391567
_263_, 31.472, 87.04, 0.000391567
_464_, 31.472, 87.04, 0.000391567
_475_, 54.127, 87.04, 0.000374496
_335_, 76.782, 87.04, 0.000360485
FILLER_0_28_153, 76.782, 87.04, 0.000360485
FILLER_0_28_161, 76.782, 87.04, 0.000360485
FILLER_0_29_158, 76.782, 87.04, 0.000360485
_460_, 5.52, 81.6, 0.000402855
PHY_50, 5.52, 81.6, 0.000402855
PHY_52, 5.52, 81.6, 0.000402855
input34, 5.52, 81.6, 0.000402855
FILLER_0_27_6, 5.52, 81.6, 0.000402855
PHY_51, 96.14, 81.6, 0.000359686
PHY_53, 96.14, 81.6, 0.000359686
_252_, 12.832, 81.6, 0.000388816
FILLER_0_26_23, 12.832, 81.6, 0.000388816
_260_, 31.472, 81.6, 0.000382231
_282_, 31.472, 81.6, 0.000382231
_397_, 31.472, 81.6, 0.000382231
hold37, 31.472, 81.6, 0.000382231
FILLER_0_25_51, 31.472, 81.6, 0.000382231
FILLER_0_26_61, 31.472, 81.6, 0.000382231
_300_, 54.127, 81.6, 0.00041767
_409_, 54.127, 81.6, 0.00041767
clkbuf_3_6__f_clk, 54.127, 81.6, 0.00041767
FILLER_0_27_106, 54.127, 81.6, 0.00041767
FILLER_0_27_113, 54.127, 81.6, 0.00041767
_298_, 76.782, 81.6, 0.000387548
_334_, 76.782, 81.6, 0.000387548
_336_, 76.782, 81.6, 0.000387548
_423_, 76.782, 81.6, 0.000387548
_491_, 76.782, 81.6, 0.000387548
FILLER_0_26_153, 76.782, 81.6, 0.000387548
_206_, 5.52, 76.16, 0.000362651
PHY_46, 5.52, 76.16, 0.000362651
PHY_48, 5.52, 76.16, 0.000362651
FILLER_0_24_3, 5.52, 76.16, 0.000362651
FILLER_0_25_3, 5.52, 76.16, 0.000362651
PHY_47, 96.14, 76.16, 0.000349487
PHY_49, 96.14, 76.16, 0.000349487
FILLER_0_24_191, 96.14, 76.16, 0.000349487
_243_, 12.832, 76.16, 0.000360702
FILLER_0_24_19, 12.832, 76.16, 0.000360702
_404_, 31.472, 76.16, 0.000361328
_471_, 31.472, 76.16, 0.000361328
FILLER_0_23_52, 31.472, 76.16, 0.000361328
FILLER_0_24_61, 31.472, 76.16, 0.000361328
_297_, 54.127, 76.16, 0.00036525
_299_, 54.127, 76.16, 0.00036525
_408_, 54.127, 76.16, 0.00036525
_412_, 54.127, 76.16, 0.00036525
_478_, 54.127, 76.16, 0.00036525
FILLER_0_23_99, 54.127, 76.16, 0.00036525
FILLER_0_24_97, 54.127, 76.16, 0.00036525
FILLER_0_24_105, 54.127, 76.16, 0.00036525
FILLER_0_24_111, 54.127, 76.16, 0.00036525
_318_, 76.782, 76.16, 0.000356181
hold46, 76.782, 76.16, 0.000356181
FILLER_0_25_160, 76.782, 76.16, 0.000356181
_457_, 5.52, 70.72, 0.000395268
PHY_42, 5.52, 70.72, 0.000395268
PHY_44, 5.52, 70.72, 0.000395268
FILLER_0_22_3, 5.52, 70.72, 0.000395268
PHY_43, 96.14, 70.72, 0.000351047
PHY_45, 96.14, 70.72, 0.000351047
FILLER_0_21_191, 96.14, 70.72, 0.000351047
_244_, 12.832, 70.72, 0.000382946
_245_, 12.832, 70.72, 0.000382946
_247_, 12.832, 70.72, 0.000382946
_248_, 12.832, 70.72, 0.000382946
_389_, 12.832, 70.72, 0.000382946
FILLER_0_22_23, 12.832, 70.72, 0.000382946
_267_, 31.472, 70.72, 0.00036814
_268_, 31.472, 70.72, 0.00036814
_269_, 31.472, 70.72, 0.00036814
_398_, 31.472, 70.72, 0.00036814
_399_, 31.472, 70.72, 0.00036814
hold16, 31.472, 70.72, 0.00036814
FILLER_0_22_52, 31.472, 70.72, 0.00036814
_477_, 54.127, 70.72, 0.000370173
hold21, 54.127, 70.72, 0.000370173
hold22, 54.127, 70.72, 0.000370173
FILLER_0_21_98, 54.127, 70.72, 0.000370173
FILLER_0_23_109, 54.127, 70.72, 0.000370173
_340_, 76.782, 70.72, 0.000366845
_421_, 76.782, 70.72, 0.000366845
_429_, 76.782, 70.72, 0.000366845
_493_, 76.782, 70.72, 0.000366845
FILLER_0_21_151, 76.782, 70.72, 0.000366845
PHY_38, 5.52, 65.28, 0.000351988
PHY_40, 5.52, 65.28, 0.000351988
FILLER_0_21_3, 5.52, 65.28, 0.000351988
PHY_39, 96.14, 65.28, 0.000345893
PHY_41, 96.14, 65.28, 0.000345893
_265_, 31.472, 65.28, 0.000405354
_465_, 31.472, 65.28, 0.000405354
clkbuf_3_3__f_clk, 31.472, 65.28, 0.000405354
_275_, 54.127, 65.28, 0.000388155
_296_, 54.127, 65.28, 0.000388155
_305_, 54.127, 65.28, 0.000388155
_411_, 54.127, 65.28, 0.000388155
_480_, 54.127, 65.28, 0.000388155
FILLER_0_20_101, 54.127, 65.28, 0.000388155
FILLER_0_21_109, 54.127, 65.28, 0.000388155
_339_, 76.782, 65.28, 0.000364337
_344_, 76.782, 65.28, 0.000364337
FILLER_0_19_149, 76.782, 65.28, 0.000364337
FILLER_0_20_165, 76.782, 65.28, 0.000364337
FILLER_0_21_165, 76.782, 65.28, 0.000364337
_453_, 5.52, 59.84, 0.00048724
PHY_34, 5.52, 59.84, 0.00048724
PHY_36, 5.52, 59.84, 0.00048724
PHY_35, 96.14, 59.84, 0.000329645
PHY_37, 96.14, 59.84, 0.000329645
FILLER_0_18_190, 96.14, 59.84, 0.000329645
_235_, 12.832, 59.84, 0.000474945
_385_, 12.832, 59.84, 0.000474945
clkbuf_3_2__f_clk, 12.832, 59.84, 0.000474945
FILLER_0_18_23, 12.832, 59.84, 0.000474945
_239_, 31.472, 59.84, 0.00039618
_387_, 31.472, 59.84, 0.00039618
_401_, 31.472, 59.84, 0.00039618
hold27, 31.472, 59.84, 0.00039618
FILLER_0_18_65, 31.472, 59.84, 0.00039618
_304_, 54.127, 59.84, 0.000355577
_414_, 54.127, 59.84, 0.000355577
FILLER_0_19_109, 54.127, 59.84, 0.000355577
_345_, 76.782, 59.84, 0.000344873
_431_, 76.782, 59.84, 0.000344873
_495_, 76.782, 59.84, 0.000344873
hold19, 76.782, 59.84, 0.000344873
FILLER_0_17_145, 76.782, 59.84, 0.000344873
FILLER_0_19_164, 76.782, 59.84, 0.000344873
PHY_30, 5.52, 54.4, 0.000275611
PHY_32, 5.52, 54.4, 0.000275611
FILLER_0_17_3, 5.52, 54.4, 0.000275611
_348_, 96.14, 54.4, 0.000298426
PHY_31, 96.14, 54.4, 0.000298426
PHY_33, 96.14, 54.4, 0.000298426
_234_, 12.832, 54.4, 0.000275611
hold11, 12.832, 54.4, 0.000275611
FILLER_0_16_21, 12.832, 54.4, 0.000275611
_273_, 31.472, 54.4, 0.000274437
_274_, 31.472, 54.4, 0.000274437
_468_, 31.472, 54.4, 0.000274437
FILLER_0_15_47, 31.472, 54.4, 0.000274437
FILLER_0_16_53, 31.472, 54.4, 0.000274437
_303_, 54.127, 54.4, 0.000273868
hold31, 54.127, 54.4, 0.000273868
FILLER_0_16_97, 54.127, 54.4, 0.000273868
FILLER_0_16_108, 54.127, 54.4, 0.000273868
FILLER_0_17_107, 54.127, 54.4, 0.000273868
FILLER_0_17_113, 54.127, 54.4, 0.000273868
_343_, 76.782, 54.4, 0.00029317
_351_, 76.782, 54.4, 0.00029317
FILLER_0_17_164, 76.782, 54.4, 0.00029317
_454_, 5.52, 48.96, 0.00030394
PHY_26, 5.52, 48.96, 0.00030394
PHY_28, 5.52, 48.96, 0.00030394
_436_, 96.14, 48.96, 0.000295677
PHY_27, 96.14, 48.96, 0.000295677
PHY_29, 96.14, 48.96, 0.000295677
FILLER_0_14_189, 96.14, 48.96, 0.000295677
_236_, 12.832, 48.96, 0.000290515
_237_, 12.832, 48.96, 0.000290515
_386_, 12.832, 48.96, 0.000290515
_272_, 31.472, 48.96, 0.000270076
_384_, 31.472, 48.96, 0.000270076
_395_, 31.472, 48.96, 0.000270076
hold3, 31.472, 48.96, 0.000270076
FILLER_0_13_45, 31.472, 48.96, 0.000270076
FILLER_0_14_53, 31.472, 48.96, 0.000270076
FILLER_0_15_63, 31.472, 48.96, 0.000270076
_301_, 54.127, 48.96, 0.000276414
_302_, 54.127, 48.96, 0.000276414
_413_, 54.127, 48.96, 0.000276414
hold52, 54.127, 48.96, 0.000276414
_350_, 76.782, 48.96, 0.000300893
_417_, 76.782, 48.96, 0.000300893
_434_, 76.782, 48.96, 0.000300893
_498_, 76.782, 48.96, 0.000300893
FILLER_0_15_159, 76.782, 48.96, 0.000300893
PHY_22, 5.52, 43.52, 0.00026922
PHY_24, 5.52, 43.52, 0.00026922
FILLER_0_12_3, 5.52, 43.52, 0.00026922
FILLER_0_13_3, 5.52, 43.52, 0.00026922
PHY_23, 96.14, 43.52, 0.000272936
PHY_25, 96.14, 43.52, 0.000272936
FILLER_0_11_189, 96.14, 43.52, 0.000272936
FILLER_0_12_189, 96.14, 43.52, 0.000272936
_228_, 12.832, 43.52, 0.00026922
_230_, 12.832, 43.52, 0.00026922
hold43, 12.832, 43.52, 0.00026922
FILLER_0_12_23, 12.832, 43.52, 0.00026922
_270_, 31.472, 43.52, 0.000262087
_467_, 31.472, 43.52, 0.000262087
hold23, 31.472, 43.52, 0.000262087
FILLER_0_12_53, 31.472, 43.52, 0.000262087
_309_, 54.127, 43.52, 0.00025381
_310_, 54.127, 43.52, 0.00025381
hold49, 54.127, 43.52, 0.00025381
FILLER_0_13_106, 54.127, 43.52, 0.00025381
_356_, 76.782, 43.52, 0.000271187
_419_, 76.782, 43.52, 0.000271187
_428_, 76.782, 43.52, 0.000271187
FILLER_0_12_149, 76.782, 43.52, 0.000271187
_229_, 5.52, 38.08, 0.000422366
PHY_18, 5.52, 38.08, 0.000422366
PHY_20, 5.52, 38.08, 0.000422366
hold42, 5.52, 38.08, 0.000422366
FILLER_0_11_3, 5.52, 38.08, 0.000422366
_353_, 96.14, 38.08, 0.000303898
PHY_19, 96.14, 38.08, 0.000303898
PHY_21, 96.14, 38.08, 0.000303898
clkbuf_3_0__f_clk, 12.832, 38.08, 0.000416556
_400_, 31.472, 38.08, 0.000384092
clkbuf_3_1__f_clk, 31.472, 38.08, 0.000384092
hold47, 31.472, 38.08, 0.000384092
FILLER_0_9_53, 31.472, 38.08, 0.000384092
FILLER_0_11_57, 31.472, 38.08, 0.000384092
_214_, 54.127, 38.08, 0.00038141
_215_, 54.127, 38.08, 0.00038141
_481_, 54.127, 38.08, 0.00038141
clkbuf_3_4__f_clk, 54.127, 38.08, 0.00038141
FILLER_0_9_104, 54.127, 38.08, 0.00038141
FILLER_0_11_107, 54.127, 38.08, 0.00038141
_354_, 76.782, 38.08, 0.000328893
_355_, 76.782, 38.08, 0.000328893
_362_, 76.782, 38.08, 0.000328893
_364_, 76.782, 38.08, 0.000328893
_365_, 76.782, 38.08, 0.000328893
_451_, 5.52, 32.64, 0.000305292
PHY_14, 5.52, 32.64, 0.000305292
PHY_16, 5.52, 32.64, 0.000305292
FILLER_0_8_3, 5.52, 32.64, 0.000305292
PHY_15, 96.14, 32.64, 0.000292063
PHY_17, 96.14, 32.64, 0.000292063
_212_, 12.832, 32.64, 0.000292897
_382_, 12.832, 32.64, 0.000292897
FILLER_0_8_15, 12.832, 32.64, 0.000292897
FILLER_0_8_23, 12.832, 32.64, 0.000292897
FILLER_0_9_23, 12.832, 32.64, 0.000292897
_223_, 31.472, 32.64, 0.000274068
_224_, 31.472, 32.64, 0.000274068
FILLER_0_7_52, 31.472, 32.64, 0.000274068
_316_, 54.127, 32.64, 0.000274427
_441_, 54.127, 32.64, 0.000274427
_503_, 54.127, 32.64, 0.000274427
FILLER_0_7_96, 54.127, 32.64, 0.000274427
FILLER_0_8_106, 54.127, 32.64, 0.000274427
FILLER_0_9_113, 54.127, 32.64, 0.000274427
_359_, 76.782, 32.64, 0.000296847
_366_, 76.782, 32.64, 0.000296847
_437_, 76.782, 32.64, 0.000296847
_501_, 76.782, 32.64, 0.000296847
_444_, 5.52, 27.2, 0.000380018
PHY_10, 5.52, 27.2, 0.000380018
PHY_12, 5.52, 27.2, 0.000380018
output35, 5.52, 27.2, 0.000380018
PHY_11, 96.14, 27.2, 0.000270518
PHY_13, 96.14, 27.2, 0.000270518
FILLER_0_6_189, 96.14, 27.2, 0.000270518
_211_, 12.832, 27.2, 0.000353122
_213_, 12.832, 27.2, 0.000353122
_375_, 12.832, 27.2, 0.000353122
FILLER_0_5_15, 12.832, 27.2, 0.000353122
FILLER_0_6_9, 12.832, 27.2, 0.000353122
FILLER_0_6_22, 12.832, 27.2, 0.000353122
_447_, 31.472, 27.2, 0.000325127
_450_, 31.472, 27.2, 0.000325127
FILLER_0_7_57, 31.472, 27.2, 0.000325127
_369_, 54.127, 27.2, 0.000288007
hold8, 54.127, 27.2, 0.000288007
FILLER_0_5_105, 54.127, 27.2, 0.000288007
FILLER_0_7_106, 54.127, 27.2, 0.000288007
_357_, 76.782, 27.2, 0.000277441
FILLER_0_6_153, 76.782, 27.2, 0.000277441
_443_, 5.52, 21.76, 0.000312871
PHY_6, 5.52, 21.76, 0.000312871
PHY_8, 5.52, 21.76, 0.000312871
FILLER_0_4_3, 5.52, 21.76, 0.000312871
PHY_7, 96.14, 21.76, 0.000262549
PHY_9, 96.14, 21.76, 0.000262549
FILLER_0_4_190, 96.14, 21.76, 0.000262549
_210_, 12.832, 21.76, 0.000300722
_378_, 31.472, 21.76, 0.000274073
_379_, 31.472, 21.76, 0.000274073
FILLER_0_5_57, 31.472, 21.76, 0.000274073
_367_, 54.127, 21.76, 0.000265032
FILLER_0_3_105, 54.127, 21.76, 0.000265032
_372_, 76.782, 21.76, 0.000266237
_440_, 76.782, 21.76, 0.000266237
FILLER_0_5_162, 76.782, 21.76, 0.000266237
PHY_2, 5.52, 16.32, 0.000249443
PHY_4, 5.52, 16.32, 0.000249443
PHY_3, 96.14, 16.32, 0.000256359
PHY_5, 96.14, 16.32, 0.000256359
FILLER_0_2_189, 96.14, 16.32, 0.000256359
_374_, 12.832, 16.32, 0.000249443
FILLER_0_1_51, 31.472, 16.32, 0.000245154
FILLER_0_1_105, 54.127, 16.32, 0.000245735
PHY_0, 5.52, 10.88, 0.000248992
PHY_1, 96.14, 10.88, 0.000256413
FILLER_0_0_53, 31.472, 10.88, 0.000245128
FILLER_0_0_109, 54.127, 10.88, 0.000245896
input1, 76.782, 10.88, 0.000253671
FILLER_0_0_157, 76.782, 10.88, 0.000253671
FILLER_0_0_165, 76.782, 10.88, 0.000253671
FILLER_0_1_161, 76.782, 10.88, 0.000253671

